2022-05-21 15:40:46.913 +0530 [debug] ([34mlogger.js[0m) [31mStarting FDK in node v14.17.3 on win32[0m
2022-05-21 15:41:38.423 +0530 [debug] ([34msequelize.js[0m) [31msetting up sqilite at "E:\Tejasri\FService\FS-Gitlab MarketPlace SourceCode/.fdk/store.sqlite"[0m
2022-05-21 15:41:42.436 +0530 [debug] ([34mindex.js[0m) [31mRunning with args {"cmd":"run","gopts":{},"opts":{},"goptArg":{},"optArg":{},"args":[]}[0m
2022-05-21 15:41:42.448 +0530 [debug] ([34mdata-util.js[0m) [31mRead {"version_details":{"cli":{"deprecated":{"version":"<8","message":"This FDK version will be deprecated by August 31, 2022. There will be no further feature updates to this version. For a seamless app building experience, ensure to move to the latest FDK version. For more information, see https://community.developers.freshworks.com/t/5433."},"forced":{"version":"7.0.0","command":"npm install https://dl.freshdev.io/cli/fdk-7.0.0.tgz -g","message":"Your FDK version has been forced updated to v7.0.0, please visit https://community.developers.freshworks.com/t/fdk-v7-0-announcing-node-js-v12-and-es6-support/3606 to know more"},"latest":{"version":"8.2.0","command":"npm install https://dl.freshdev.io/cli/fdk.tgz -g","message":"For Freshservice, you can now build apps that use Entity Storage - Custom Objects. For more information, check out the documentation at https://developers.freshservice.com/docs/entity-storage-custom-objects/. For a demonstration of this feature, check out the sample apps at https://github.com/freshworks-developers/custom-objects-samples."}},"addon":{"version":"1.10.2","url":"https://dl.freshdev.io/cli-addon/addon-1.10.2.zip"}},"last_updated":{"time_stamp":1652032994620}}[0m
2022-05-21 15:41:42.448 +0530 [debug] ([34mupdater.js[0m) [31mlast check more than an day ago, looking for updates again[0m
2022-05-21 15:41:42.694 +0530 [debug] ([34mupdater.js[0m) [31mdownloaded update manifest as {"cli":{"deprecated":{"version":"<8","message":"This FDK version will be deprecated by August 31, 2022. There will be no further feature updates to this version. For a seamless app building experience, ensure to move to the latest FDK version. For more information, see https://community.developers.freshworks.com/t/5433."},"forced":{"version":"7.0.0","command":"npm install https://dl.freshdev.io/cli/fdk-7.0.0.tgz -g","message":"Your FDK version has been forced updated to v7.0.0, please visit https://community.developers.freshworks.com/t/fdk-v7-0-announcing-node-js-v12-and-es6-support/3606 to know more"},"latest":{"version":"8.3.0","command":"npm install https://dl.freshdev.io/cli/fdk.tgz -g","message":""}},"addon":{"version":"1.10.2","url":"https://dl.freshdev.io/cli-addon/addon-1.10.2.zip"}}[0m
2022-05-21 15:41:42.696 +0530 [debug] ([34mdata-util.js[0m) [31mRead {"version_details":{"cli":{"deprecated":{"version":"<8","message":"This FDK version will be deprecated by August 31, 2022. There will be no further feature updates to this version. For a seamless app building experience, ensure to move to the latest FDK version. For more information, see https://community.developers.freshworks.com/t/5433."},"forced":{"version":"7.0.0","command":"npm install https://dl.freshdev.io/cli/fdk-7.0.0.tgz -g","message":"Your FDK version has been forced updated to v7.0.0, please visit https://community.developers.freshworks.com/t/fdk-v7-0-announcing-node-js-v12-and-es6-support/3606 to know more"},"latest":{"version":"8.2.0","command":"npm install https://dl.freshdev.io/cli/fdk.tgz -g","message":"For Freshservice, you can now build apps that use Entity Storage - Custom Objects. For more information, check out the documentation at https://developers.freshservice.com/docs/entity-storage-custom-objects/. For a demonstration of this feature, check out the sample apps at https://github.com/freshworks-developers/custom-objects-samples."}},"addon":{"version":"1.10.2","url":"https://dl.freshdev.io/cli-addon/addon-1.10.2.zip"}},"last_updated":{"time_stamp":1652032994620}}[0m
2022-05-21 15:41:42.698 +0530 [debug] ([34mdata-util.js[0m) [31mRead {"version_details":{"cli":{"deprecated":{"version":"<8","message":"This FDK version will be deprecated by August 31, 2022. There will be no further feature updates to this version. For a seamless app building experience, ensure to move to the latest FDK version. For more information, see https://community.developers.freshworks.com/t/5433."},"forced":{"version":"7.0.0","command":"npm install https://dl.freshdev.io/cli/fdk-7.0.0.tgz -g","message":"Your FDK version has been forced updated to v7.0.0, please visit https://community.developers.freshworks.com/t/fdk-v7-0-announcing-node-js-v12-and-es6-support/3606 to know more"},"latest":{"version":"8.2.0","command":"npm install https://dl.freshdev.io/cli/fdk.tgz -g","message":"For Freshservice, you can now build apps that use Entity Storage - Custom Objects. For more information, check out the documentation at https://developers.freshservice.com/docs/entity-storage-custom-objects/. For a demonstration of this feature, check out the sample apps at https://github.com/freshworks-developers/custom-objects-samples."}},"addon":{"version":"1.10.2","url":"https://dl.freshdev.io/cli-addon/addon-1.10.2.zip"}},"last_updated":{"time_stamp":1652032994620}}[0m
2022-05-21 15:41:42.701 +0530 [debug] ([34mdata-util.js[0m) [31mRead {"version_details":{"cli":{"deprecated":{"version":"<8","message":"This FDK version will be deprecated by August 31, 2022. There will be no further feature updates to this version. For a seamless app building experience, ensure to move to the latest FDK version. For more information, see https://community.developers.freshworks.com/t/5433."},"forced":{"version":"7.0.0","command":"npm install https://dl.freshdev.io/cli/fdk-7.0.0.tgz -g","message":"Your FDK version has been forced updated to v7.0.0, please visit https://community.developers.freshworks.com/t/fdk-v7-0-announcing-node-js-v12-and-es6-support/3606 to know more"},"latest":{"version":"8.3.0","command":"npm install https://dl.freshdev.io/cli/fdk.tgz -g","message":""}},"addon":{"version":"1.10.2","url":"https://dl.freshdev.io/cli-addon/addon-1.10.2.zip"}},"last_updated":{"time_stamp":1652032994620}}[0m
2022-05-21 15:42:00.388 +0530 [debug] ([34mupdater.js[0m) [31muser responded to update prompt with "true"[0m
2022-05-21 15:43:52.082 +0530 [debug] ([34mconfigs.js[0m) [31mloaded default configs as "{"updates":{"manifest_url":"https://ws.freshdev.io/cli/updates.json","period":24},"log":{"level":"info"},"javascript":{"ecma_version":2020}}"[0m
2022-05-21 15:43:52.085 +0530 [debug] ([34mfile-util.js[0m) [31mError while requiring C:\Users\LENOVO/.fdk/configs.json: Cannot find module 'C:\Users\LENOVO/.fdk/configs.json'
Require stack:
- C:\Users\LENOVO\AppData\Roaming\npm\node_modules\fdk\lib\utils\file-util.js
- C:\Users\LENOVO\AppData\Roaming\npm\node_modules\fdk\lib\configs.js
- C:\Users\LENOVO\AppData\Roaming\npm\node_modules\fdk\lib\logger.js
- C:\Users\LENOVO\AppData\Roaming\npm\node_modules\fdk\index.js[0m
2022-05-21 15:43:52.085 +0530 [debug] ([34mconfigs.js[0m) [31mloaded global configs as "{}"[0m
2022-05-21 15:43:52.085 +0530 [debug] ([34mfile-util.js[0m) [31mError while requiring E:\Tejasri\FService\FS-Gitlab MarketPlace SourceCode/.fdk/configs.json: Cannot find module 'E:\Tejasri\FService\FS-Gitlab MarketPlace SourceCode/.fdk/configs.json'
Require stack:
- C:\Users\LENOVO\AppData\Roaming\npm\node_modules\fdk\lib\utils\file-util.js
- C:\Users\LENOVO\AppData\Roaming\npm\node_modules\fdk\lib\configs.js
- C:\Users\LENOVO\AppData\Roaming\npm\node_modules\fdk\lib\logger.js
- C:\Users\LENOVO\AppData\Roaming\npm\node_modules\fdk\index.js[0m
2022-05-21 15:43:52.085 +0530 [debug] ([34mconfigs.js[0m) [31mloaded local configs as "{}"[0m
2022-05-21 15:43:52.085 +0530 [debug] ([34mconfigs.js[0m) [31mloaded env configs as "{"updates":{},"log":{},"javascript":{}}"[0m
2022-05-21 15:43:52.085 +0530 [debug] ([34mconfigs.js[0m) [31mloaded resolved configs as "{"updates":{"manifest_url":"https://ws.freshdev.io/cli/updates.json","period":24},"log":{"level":"info"},"javascript":{"ecma_version":2020}}"[0m
2022-05-21 15:43:52.085 +0530 [debug] ([34mlogger.js[0m) [31mStarting FDK in node v14.17.3 on win32[0m
2022-05-21 15:43:52.086 +0530 [debug] ([34msequelize.js[0m) [31msetting up sqilite at "E:\Tejasri\FService\FS-Gitlab MarketPlace SourceCode/.fdk/store.sqlite"[0m
2022-05-21 15:43:52.086 +0530 [debug] ([34mindex.js[0m) [31mRunning with args {"cmd":"run","gopts":{},"opts":{},"goptArg":{},"optArg":{},"args":[]}[0m
2022-05-21 15:43:52.086 +0530 [debug] ([34mdata-util.js[0m) [31mRead {"version_details":{"cli":{"deprecated":{"version":"<8","message":"This FDK version will be deprecated by August 31, 2022. There will be no further feature updates to this version. For a seamless app building experience, ensure to move to the latest FDK version. For more information, see https://community.developers.freshworks.com/t/5433."},"forced":{"version":"7.0.0","command":"npm install https://dl.freshdev.io/cli/fdk-7.0.0.tgz -g","message":"Your FDK version has been forced updated to v7.0.0, please visit https://community.developers.freshworks.com/t/fdk-v7-0-announcing-node-js-v12-and-es6-support/3606 to know more"},"latest":{"version":"8.3.0","command":"npm install https://dl.freshdev.io/cli/fdk.tgz -g","message":""}},"addon":{"version":"1.10.2","url":"https://dl.freshdev.io/cli-addon/addon-1.10.2.zip"}},"last_updated":{"time_stamp":1653127902700}}[0m
2022-05-21 15:43:52.086 +0530 [debug] ([34mupdater.js[0m) [31mlast check less than 24 hours ago, not looking for updates[0m
2022-05-21 15:43:54.741 +0530 [debug] ([34mmanifest.js[0m) [31mReloading manifest with {"platform-version":"2.0","product":{"freshservice":{"location":{"ticket_sidebar":{"url":"template.html","icon":"icon.svg"}}}},"dependencies":{"base-64":"0.1.0","request":"2.88.0"}}.[0m
2022-05-21 15:43:54.743 +0530 [debug] ([34mmanifest.js[0m) [31mInferred db,backend,oauth as features.[0m
2022-05-21 15:43:54.747 +0530 [debug] ([34mdata-util.js[0m) [31mRead {"version_details":{"cli":{"deprecated":{"version":"<8","message":"This FDK version will be deprecated by August 31, 2022. There will be no further feature updates to this version. For a seamless app building experience, ensure to move to the latest FDK version. For more information, see https://community.developers.freshworks.com/t/5433."},"forced":{"version":"7.0.0","command":"npm install https://dl.freshdev.io/cli/fdk-7.0.0.tgz -g","message":"Your FDK version has been forced updated to v7.0.0, please visit https://community.developers.freshworks.com/t/fdk-v7-0-announcing-node-js-v12-and-es6-support/3606 to know more"},"latest":{"version":"8.3.0","command":"npm install https://dl.freshdev.io/cli/fdk.tgz -g","message":""}},"addon":{"version":"1.10.2","url":"https://dl.freshdev.io/cli-addon/addon-1.10.2.zip"}},"last_updated":{"time_stamp":1653127902700}}[0m
2022-05-21 15:43:55.215 +0530 [debug] ([34mdata-util.js[0m) [31mRead {"version_details":{"cli":{"deprecated":{"version":"<8","message":"This FDK version will be deprecated by August 31, 2022. There will be no further feature updates to this version. For a seamless app building experience, ensure to move to the latest FDK version. For more information, see https://community.developers.freshworks.com/t/5433."},"forced":{"version":"7.0.0","command":"npm install https://dl.freshdev.io/cli/fdk-7.0.0.tgz -g","message":"Your FDK version has been forced updated to v7.0.0, please visit https://community.developers.freshworks.com/t/fdk-v7-0-announcing-node-js-v12-and-es6-support/3606 to know more"},"latest":{"version":"8.3.0","command":"npm install https://dl.freshdev.io/cli/fdk.tgz -g","message":""}},"addon":{"version":"1.10.2","url":"https://dl.freshdev.io/cli-addon/addon-1.10.2.zip"}},"last_updated":{"time_stamp":1653127902700}}[0m
2022-05-21 15:44:12.743 +0530 [debug] ([34mdata-util.js[0m) [31mRead {"version_details":{"cli":{"deprecated":{"version":"<8","message":"This FDK version will be deprecated by August 31, 2022. There will be no further feature updates to this version. For a seamless app building experience, ensure to move to the latest FDK version. For more information, see https://community.developers.freshworks.com/t/5433."},"forced":{"version":"7.0.0","command":"npm install https://dl.freshdev.io/cli/fdk-7.0.0.tgz -g","message":"Your FDK version has been forced updated to v7.0.0, please visit https://community.developers.freshworks.com/t/fdk-v7-0-announcing-node-js-v12-and-es6-support/3606 to know more"},"latest":{"version":"8.3.0","command":"npm install https://dl.freshdev.io/cli/fdk.tgz -g","message":""}},"addon":{"version":"1.10.2","url":"https://dl.freshdev.io/cli-addon/addon-1.10.2.zip"}},"last_updated":{"time_stamp":1653127902700}}[0m
2022-05-21 15:44:23.725 +0530 [debug] ([34mvalidate.js[0m) [31masked to skip the following validations, [0m
2022-05-21 15:44:23.726 +0530 [debug] ([34mvalidate.js[0m) [31mrunning validator actions[0m
2022-05-21 15:44:23.726 +0530 [debug] ([34mvalidate.js[0m) [31mrunning validator app-dir[0m
2022-05-21 15:44:23.728 +0530 [debug] ([34mvalidate.js[0m) [31mrunning validator config-dir[0m
2022-05-21 15:44:23.728 +0530 [debug] ([34mconfig-dir.js[0m) [31mChecking to see if E:\Tejasri\FService\FS-Gitlab MarketPlace SourceCode/config/ exists.[0m
2022-05-21 15:44:23.728 +0530 [debug] ([34mconfig-dir.js[0m) [31mFetched the following config files assets,iparams.html,iparam_test_data.json,oauth_config.json[0m
2022-05-21 15:44:23.729 +0530 [debug] ([34mvalidate.js[0m) [31mrunning validator custom-objects[0m
2022-05-21 15:44:23.729 +0530 [debug] ([34mvalidate.js[0m) [31mrunning validator event[0m
2022-05-21 15:44:23.752 +0530 [debug] ([34mevent-util.js[0m) [31mFound ["onExternalEventHandler","onTicketUpdateHandler","onConversationCreateCallback","onAppInstallCallback","onAppUninstallCallback"] as exported functions.[0m
2022-05-21 15:44:23.753 +0530 [debug] ([34mvalidate.js[0m) [31mrunning validator iparam[0m
2022-05-21 15:44:23.777 +0530 [debug] ([34mvalidate.js[0m) [31mskipping validator lint[0m
2022-05-21 15:44:23.777 +0530 [debug] ([34mvalidate.js[0m) [31mrunning validator manifest[0m
2022-05-21 15:44:23.777 +0530 [debug] ([34mmanifest.js[0m) [31mrunning manifest validation with type run_validation[0m
2022-05-21 15:44:23.777 +0530 [debug] ([34mvalidate.js[0m) [31mskipping validator manifest-dependency[0m
2022-05-21 15:44:23.777 +0530 [debug] ([34mvalidate.js[0m) [31mrunning validator oauth[0m
2022-05-21 15:44:23.778 +0530 [debug] ([34mvalidate.js[0m) [31mskipping validator pkgsize[0m
2022-05-21 15:44:23.779 +0530 [debug] ([34mvalidate.js[0m) [31mrunning validator schema[0m
2022-05-21 15:44:23.779 +0530 [debug] ([34mvalidate.js[0m) [31mrunning validator version-check[0m
2022-05-21 15:44:23.781 +0530 [warn] [33m[WARN][0m App was developed in Node.js runtime 10 or below, and is currently being executed in v14.17.3
2022-05-21 15:44:32.101 +0530 [debug] ([34mversion-check.js[0m) [31mDeleting coverage folder[0m
2022-05-21 15:44:47.433 +0530 [debug] ([34mconfigs.js[0m) [31mloaded default configs as "{"updates":{"manifest_url":"https://ws.freshdev.io/cli/updates.json","period":24},"log":{"level":"info"},"javascript":{"ecma_version":2020}}"[0m
2022-05-21 15:44:47.436 +0530 [debug] ([34mfile-util.js[0m) [31mError while requiring C:\Users\LENOVO/.fdk/configs.json: Cannot find module 'C:\Users\LENOVO/.fdk/configs.json'
Require stack:
- C:\Users\LENOVO\AppData\Roaming\npm\node_modules\fdk\lib\utils\file-util.js
- C:\Users\LENOVO\AppData\Roaming\npm\node_modules\fdk\lib\configs.js
- C:\Users\LENOVO\AppData\Roaming\npm\node_modules\fdk\lib\logger.js
- C:\Users\LENOVO\AppData\Roaming\npm\node_modules\fdk\index.js[0m
2022-05-21 15:44:47.436 +0530 [debug] ([34mconfigs.js[0m) [31mloaded global configs as "{}"[0m
2022-05-21 15:44:47.436 +0530 [debug] ([34mfile-util.js[0m) [31mError while requiring E:\Tejasri\FService\FS-Gitlab MarketPlace SourceCode/.fdk/configs.json: Cannot find module 'E:\Tejasri\FService\FS-Gitlab MarketPlace SourceCode/.fdk/configs.json'
Require stack:
- C:\Users\LENOVO\AppData\Roaming\npm\node_modules\fdk\lib\utils\file-util.js
- C:\Users\LENOVO\AppData\Roaming\npm\node_modules\fdk\lib\configs.js
- C:\Users\LENOVO\AppData\Roaming\npm\node_modules\fdk\lib\logger.js
- C:\Users\LENOVO\AppData\Roaming\npm\node_modules\fdk\index.js[0m
2022-05-21 15:44:47.436 +0530 [debug] ([34mconfigs.js[0m) [31mloaded local configs as "{}"[0m
2022-05-21 15:44:47.436 +0530 [debug] ([34mconfigs.js[0m) [31mloaded env configs as "{"updates":{},"log":{},"javascript":{}}"[0m
2022-05-21 15:44:47.436 +0530 [debug] ([34mconfigs.js[0m) [31mloaded resolved configs as "{"updates":{"manifest_url":"https://ws.freshdev.io/cli/updates.json","period":24},"log":{"level":"info"},"javascript":{"ecma_version":2020}}"[0m
2022-05-21 15:44:47.436 +0530 [debug] ([34mlogger.js[0m) [31mStarting FDK in node v14.17.3 on win32[0m
2022-05-21 15:44:47.437 +0530 [debug] ([34msequelize.js[0m) [31msetting up sqilite at "E:\Tejasri\FService\FS-Gitlab MarketPlace SourceCode/.fdk/store.sqlite"[0m
2022-05-21 15:44:47.437 +0530 [debug] ([34mindex.js[0m) [31mRunning with args {"cmd":"run","gopts":{},"opts":{},"goptArg":{},"optArg":{},"args":[]}[0m
2022-05-21 15:44:47.437 +0530 [debug] ([34mdata-util.js[0m) [31mRead {"version_details":{"cli":{"deprecated":{"version":"<8","message":"This FDK version will be deprecated by August 31, 2022. There will be no further feature updates to this version. For a seamless app building experience, ensure to move to the latest FDK version. For more information, see https://community.developers.freshworks.com/t/5433."},"forced":{"version":"7.0.0","command":"npm install https://dl.freshdev.io/cli/fdk-7.0.0.tgz -g","message":"Your FDK version has been forced updated to v7.0.0, please visit https://community.developers.freshworks.com/t/fdk-v7-0-announcing-node-js-v12-and-es6-support/3606 to know more"},"latest":{"version":"8.3.0","command":"npm install https://dl.freshdev.io/cli/fdk.tgz -g","message":""}},"addon":{"version":"1.10.2","url":"https://dl.freshdev.io/cli-addon/addon-1.10.2.zip"}},"last_updated":{"time_stamp":1653127902700}}[0m
2022-05-21 15:44:47.437 +0530 [debug] ([34mupdater.js[0m) [31mlast check less than 24 hours ago, not looking for updates[0m
2022-05-21 15:44:47.734 +0530 [debug] ([34mmanifest.js[0m) [31mReloading manifest with {"platform-version":"2.2","product":{"freshservice":{"location":{"ticket_sidebar":{"url":"template.html","icon":"icon.svg"}}}},"dependencies":{"base-64":"0.1.0","request":"2.88.0"},"engines":{"node":"14.17.3","fdk":"8.3.0"}}.[0m
2022-05-21 15:44:47.735 +0530 [debug] ([34mmanifest.js[0m) [31mInferred db,backend,oauth as features.[0m
2022-05-21 15:44:47.738 +0530 [debug] ([34mdata-util.js[0m) [31mRead {"version_details":{"cli":{"deprecated":{"version":"<8","message":"This FDK version will be deprecated by August 31, 2022. There will be no further feature updates to this version. For a seamless app building experience, ensure to move to the latest FDK version. For more information, see https://community.developers.freshworks.com/t/5433."},"forced":{"version":"7.0.0","command":"npm install https://dl.freshdev.io/cli/fdk-7.0.0.tgz -g","message":"Your FDK version has been forced updated to v7.0.0, please visit https://community.developers.freshworks.com/t/fdk-v7-0-announcing-node-js-v12-and-es6-support/3606 to know more"},"latest":{"version":"8.3.0","command":"npm install https://dl.freshdev.io/cli/fdk.tgz -g","message":""}},"addon":{"version":"1.10.2","url":"https://dl.freshdev.io/cli-addon/addon-1.10.2.zip"}},"last_updated":{"time_stamp":1653127902700}}[0m
2022-05-21 15:44:47.769 +0530 [debug] ([34mdata-util.js[0m) [31mRead {"version_details":{"cli":{"deprecated":{"version":"<8","message":"This FDK version will be deprecated by August 31, 2022. There will be no further feature updates to this version. For a seamless app building experience, ensure to move to the latest FDK version. For more information, see https://community.developers.freshworks.com/t/5433."},"forced":{"version":"7.0.0","command":"npm install https://dl.freshdev.io/cli/fdk-7.0.0.tgz -g","message":"Your FDK version has been forced updated to v7.0.0, please visit https://community.developers.freshworks.com/t/fdk-v7-0-announcing-node-js-v12-and-es6-support/3606 to know more"},"latest":{"version":"8.3.0","command":"npm install https://dl.freshdev.io/cli/fdk.tgz -g","message":""}},"addon":{"version":"1.10.2","url":"https://dl.freshdev.io/cli-addon/addon-1.10.2.zip"}},"last_updated":{"time_stamp":1653127902700}}[0m
2022-05-21 15:44:49.275 +0530 [debug] ([34mdata-util.js[0m) [31mRead {"version_details":{"cli":{"deprecated":{"version":"<8","message":"This FDK version will be deprecated by August 31, 2022. There will be no further feature updates to this version. For a seamless app building experience, ensure to move to the latest FDK version. For more information, see https://community.developers.freshworks.com/t/5433."},"forced":{"version":"7.0.0","command":"npm install https://dl.freshdev.io/cli/fdk-7.0.0.tgz -g","message":"Your FDK version has been forced updated to v7.0.0, please visit https://community.developers.freshworks.com/t/fdk-v7-0-announcing-node-js-v12-and-es6-support/3606 to know more"},"latest":{"version":"8.3.0","command":"npm install https://dl.freshdev.io/cli/fdk.tgz -g","message":""}},"addon":{"version":"1.10.2","url":"https://dl.freshdev.io/cli-addon/addon-1.10.2.zip"}},"last_updated":{"time_stamp":1653127902700}}[0m
2022-05-21 15:44:50.483 +0530 [debug] ([34mvalidate.js[0m) [31masked to skip the following validations, [0m
2022-05-21 15:44:50.483 +0530 [debug] ([34mvalidate.js[0m) [31mrunning validator actions[0m
2022-05-21 15:44:50.484 +0530 [debug] ([34mvalidate.js[0m) [31mrunning validator app-dir[0m
2022-05-21 15:44:50.485 +0530 [debug] ([34mvalidate.js[0m) [31mrunning validator config-dir[0m
2022-05-21 15:44:50.485 +0530 [debug] ([34mconfig-dir.js[0m) [31mChecking to see if E:\Tejasri\FService\FS-Gitlab MarketPlace SourceCode/config/ exists.[0m
2022-05-21 15:44:50.486 +0530 [debug] ([34mconfig-dir.js[0m) [31mFetched the following config files assets,iparams.html,iparam_test_data.json,oauth_config.json[0m
2022-05-21 15:44:50.486 +0530 [debug] ([34mvalidate.js[0m) [31mrunning validator custom-objects[0m
2022-05-21 15:44:50.486 +0530 [debug] ([34mvalidate.js[0m) [31mrunning validator event[0m
2022-05-21 15:44:50.514 +0530 [debug] ([34mevent-util.js[0m) [31mFound ["onExternalEventHandler","onTicketUpdateHandler","onConversationCreateCallback","onAppInstallCallback","onAppUninstallCallback"] as exported functions.[0m
2022-05-21 15:44:50.514 +0530 [debug] ([34mvalidate.js[0m) [31mrunning validator iparam[0m
2022-05-21 15:44:50.532 +0530 [debug] ([34mvalidate.js[0m) [31mskipping validator lint[0m
2022-05-21 15:44:50.533 +0530 [debug] ([34mvalidate.js[0m) [31mrunning validator manifest[0m
2022-05-21 15:44:50.533 +0530 [debug] ([34mmanifest.js[0m) [31mrunning manifest validation with type run_validation[0m
2022-05-21 15:44:50.533 +0530 [debug] ([34mvalidate.js[0m) [31mskipping validator manifest-dependency[0m
2022-05-21 15:44:50.533 +0530 [debug] ([34mvalidate.js[0m) [31mrunning validator oauth[0m
2022-05-21 15:44:50.534 +0530 [debug] ([34mvalidate.js[0m) [31mskipping validator pkgsize[0m
2022-05-21 15:44:50.534 +0530 [debug] ([34mvalidate.js[0m) [31mrunning validator schema[0m
2022-05-21 15:44:50.534 +0530 [debug] ([34mvalidate.js[0m) [31mrunning validator version-check[0m
2022-05-21 15:44:50.542 +0530 [warn] Please ensure that the following are addressed for quick review process.
2022-05-21 15:44:50.543 +0530 [warn] [33m[WARN][0m iparam_test_data.json is deprecated, to test the installation page, visit - http://localhost:10001/custom_configs
2022-05-21 15:44:50.544 +0530 [error] 
2022-05-21 15:44:50.546 +0530 [debug] ([34mwatcher.js[0m) [31mPreparing to watch the following files ./app,./config,./manifest.json[0m
2022-05-21 15:44:50.553 +0530 [debug] ([34minstall-util.js[0m) [31mdependency installer called with {"base-64":"0.1.0","request":"2.88.0"}[0m
2022-05-21 15:44:50.647 +0530 [debug] ([34minstall-util.js[0m) [31mPreparing to install the following dependencies base-64@0.1.0,request@2.88.0[0m
2022-05-21 15:44:50.648 +0530 [info] Installing dependencies...
2022-05-21 15:45:09.594 +0530 [debug] ([34mdata-util.js[0m) [31mRead {}[0m
2022-05-21 15:45:09.596 +0530 [debug] ([34mcustom-objects.js[0m) [31mto force or not? false[0m
2022-05-21 15:45:09.596 +0530 [debug] ([34mcustom-objects.js[0m) [31mbeginning to re-sync db[0m
2022-05-21 15:45:19.654 +0530 [debug] ([34mindex.js[0m) [31mloading model at "C:\Users\LENOVO\AppData\Roaming\npm\node_modules\fdk\lib\models\bigint-pivot.js"[0m
2022-05-21 15:45:19.659 +0530 [debug] ([34mindex.js[0m) [31mloading model at "C:\Users\LENOVO\AppData\Roaming\npm\node_modules\fdk\lib\models\entity-field-choice.js"[0m
2022-05-21 15:45:19.661 +0530 [debug] ([34mindex.js[0m) [31mloading model at "C:\Users\LENOVO\AppData\Roaming\npm\node_modules\fdk\lib\models\entity-field.js"[0m
2022-05-21 15:45:19.663 +0530 [debug] ([34mindex.js[0m) [31mloading model at "C:\Users\LENOVO\AppData\Roaming\npm\node_modules\fdk\lib\models\entity.js"[0m
2022-05-21 15:45:19.666 +0530 [debug] ([34mindex.js[0m) [31mloading model at "C:\Users\LENOVO\AppData\Roaming\npm\node_modules\fdk\lib\models\record.js"[0m
2022-05-21 15:45:19.669 +0530 [debug] ([34mindex.js[0m) [31mloading model at "C:\Users\LENOVO\AppData\Roaming\npm\node_modules\fdk\lib\models\string-pivot.js"[0m
2022-05-21 15:45:19.708 +0530 [debug] ([34mdata-util.js[0m) [31mRead {}[0m
2022-05-21 15:45:19.709 +0530 [debug] ([34mcustom-objects.js[0m) [31mupdated local store with latest entity hash[0m
2022-05-21 15:45:19.710 +0530 [info] Starting local testing server at http://*:10001/    
Append 'dev=true' to your Freshservice account URL to start testing    
e.g. https://domain.freshservice.com/helpdesk/tickets/1?dev=true    
Quit the server with Control-C.
2022-05-21 15:45:19.711 +0530 [info] 
To simulate product, app setup, and external events, visit - http://localhost:10001/web/test
2022-05-21 15:45:19.714 +0530 [info] Populating test data with events found in the app
2022-05-21 15:45:19.716 +0530 [info] To test the installation page, visit - http://localhost:10001/custom_configs
2022-05-21 15:46:22.327 +0530 [debug] ([34mdata-util.js[0m) [31mRead {}[0m
2022-05-21 15:46:24.176 +0530 [debug] ([34mdata-util.js[0m) [31mRead {}[0m
2022-05-21 15:46:24.177 +0530 [debug] ([34mdata-util.js[0m) [31mRead {}[0m
2022-05-21 15:46:24.177 +0530 [debug] ([34miframe.js[0m) [31mResponding to product with {"configs":{},"displayName":"FS-Gitlab MarketPlace SourceCode","product":{"freshservice":{"location":{"ticket_sidebar":{"url":"agent/template.html","icon":"agent/icon.svg"}}}},"features":["db","backend","oauth"],"actions":false,"omni":false,"products":["freshservice"],"platform":"2.2","isAuthorized":false,"v2":[]}[0m
2022-05-21 15:46:24.501 +0530 [debug] ([34mdata-util.js[0m) [31mRead {}[0m
2022-05-21 15:46:39.560 +0530 [debug] ([34mdata-util.js[0m) [31mRead {}[0m
2022-05-21 15:46:39.564 +0530 [debug] ([34mdata-util.js[0m) [31mRead {}[0m
2022-05-21 15:46:39.566 +0530 [debug] ([34mdata-util.js[0m) [31mRead {}[0m
2022-05-21 15:46:39.569 +0530 [debug] ([34mdata-util.js[0m) [31mRead {"fs_git_101_101_freshservice":{"fs_git_101_101_oauth_iparams":{"domain":"gitlab.com","client_id":"","client_secret":""}}}[0m
2022-05-21 15:47:16.618 +0530 [debug] ([34mdata-util.js[0m) [31mRead {"fs_git_101_101_freshservice":{"fs_git_101_101_oauth_iparams":{"domain":"gitlab.com","client_id":"","client_secret":""},"fs_git_101_101_oauth_appstate":"84ffba99-b6fd-453b-90ec-16cfcdba2a89"}}[0m
2022-05-21 15:47:16.620 +0530 [debug] ([34mdata-util.js[0m) [31mRead {"fs_git_101_101_freshservice":{"fs_git_101_101_oauth_iparams":{"domain":"gitlab.com","client_id":"","client_secret":""},"fs_git_101_101_oauth_appstate":"84ffba99-b6fd-453b-90ec-16cfcdba2a89"}}[0m
2022-05-21 15:47:16.622 +0530 [debug] ([34mdata-util.js[0m) [31mRead {"fs_git_101_101_freshservice":{"fs_git_101_101_oauth_iparams":{"domain":"gitlab.com","client_id":"","client_secret":""},"fs_git_101_101_oauth_appstate":"84ffba99-b6fd-453b-90ec-16cfcdba2a89"}}[0m
2022-05-21 15:47:16.623 +0530 [debug] ([34mdata-util.js[0m) [31mRead {"fs_git_101_101_freshservice":{"fs_git_101_101_oauth_iparams":{"domain":"https://gitlab.com","client_id":"","client_secret":""},"fs_git_101_101_oauth_appstate":"84ffba99-b6fd-453b-90ec-16cfcdba2a89"}}[0m
2022-05-21 15:47:45.494 +0530 [debug] ([34mdata-util.js[0m) [31mRead {"fs_git_101_101_freshservice":{"fs_git_101_101_oauth_iparams":{"domain":"https://gitlab.com","client_id":"","client_secret":""},"fs_git_101_101_oauth_appstate":"6d2b8b04-8584-4272-ab32-8c9df7fc2058"}}[0m
2022-05-21 15:47:45.496 +0530 [debug] ([34mdata-util.js[0m) [31mRead {"fs_git_101_101_freshservice":{"fs_git_101_101_oauth_iparams":{"domain":"https://gitlab.com","client_id":"","client_secret":""},"fs_git_101_101_oauth_appstate":"6d2b8b04-8584-4272-ab32-8c9df7fc2058"}}[0m
2022-05-21 15:47:45.498 +0530 [debug] ([34mdata-util.js[0m) [31mRead {"fs_git_101_101_freshservice":{"fs_git_101_101_oauth_iparams":{"domain":"https://gitlab.com","client_id":"","client_secret":""},"fs_git_101_101_oauth_appstate":"6d2b8b04-8584-4272-ab32-8c9df7fc2058"}}[0m
2022-05-21 15:47:45.499 +0530 [debug] ([34mdata-util.js[0m) [31mRead {"fs_git_101_101_freshservice":{"fs_git_101_101_oauth_iparams":{"domain":"https://gitlab.com/","client_id":"","client_secret":""},"fs_git_101_101_oauth_appstate":"6d2b8b04-8584-4272-ab32-8c9df7fc2058"}}[0m
2022-05-21 15:47:58.250 +0530 [debug] ([34mdata-util.js[0m) [31mRead {"fs_git_101_101_freshservice":{"fs_git_101_101_oauth_iparams":{"domain":"https://gitlab.com/","client_id":"","client_secret":""},"fs_git_101_101_oauth_appstate":"b798d1c5-bdba-4054-b497-a71cacfc8c69"}}[0m
2022-05-21 15:47:58.252 +0530 [debug] ([34mdata-util.js[0m) [31mRead {"fs_git_101_101_freshservice":{"fs_git_101_101_oauth_iparams":{"domain":"https://gitlab.com/","client_id":"","client_secret":""},"fs_git_101_101_oauth_appstate":"b798d1c5-bdba-4054-b497-a71cacfc8c69"}}[0m
2022-05-21 15:47:58.254 +0530 [debug] ([34mdata-util.js[0m) [31mRead {"fs_git_101_101_freshservice":{"fs_git_101_101_oauth_iparams":{"domain":"https://gitlab.com/","client_id":"","client_secret":""},"fs_git_101_101_oauth_appstate":"b798d1c5-bdba-4054-b497-a71cacfc8c69"}}[0m
2022-05-21 15:47:58.256 +0530 [debug] ([34mdata-util.js[0m) [31mRead {"fs_git_101_101_freshservice":{"fs_git_101_101_oauth_iparams":{"domain":"gitlab.com","client_id":"","client_secret":""},"fs_git_101_101_oauth_appstate":"b798d1c5-bdba-4054-b497-a71cacfc8c69"}}[0m
2022-05-21 15:48:40.167 +0530 [debug] ([34mdata-util.js[0m) [31mRead {"fs_git_101_101_freshservice":{"fs_git_101_101_oauth_iparams":{"domain":"gitlab.com","client_id":"","client_secret":""},"fs_git_101_101_oauth_appstate":"ab6d75e3-0f42-41ca-994d-975ac5687482"}}[0m
2022-05-21 15:48:40.169 +0530 [debug] ([34mdata-util.js[0m) [31mRead {"fs_git_101_101_freshservice":{"fs_git_101_101_oauth_iparams":{"domain":"gitlab.com","client_id":"","client_secret":""},"fs_git_101_101_oauth_appstate":"ab6d75e3-0f42-41ca-994d-975ac5687482"}}[0m
2022-05-21 15:48:40.171 +0530 [debug] ([34mdata-util.js[0m) [31mRead {"fs_git_101_101_freshservice":{"fs_git_101_101_oauth_iparams":{"domain":"gitlab.com","client_id":"","client_secret":""},"fs_git_101_101_oauth_appstate":"ab6d75e3-0f42-41ca-994d-975ac5687482"}}[0m
2022-05-21 15:48:40.172 +0530 [debug] ([34mdata-util.js[0m) [31mRead {"fs_git_101_101_freshservice":{"fs_git_101_101_oauth_iparams":{"domain":"gitlab.com","client_id":"2a2a1f7bb7b274749fc02e20cef4432a4a4864af3143e6738b1f4492369dca05","client_secret":"3fc9c0bb911d7406ad3f198d0c5207fd7c7dfdc74a27ee786027436ba780bfbb"},"fs_git_101_101_oauth_appstate":"ab6d75e3-0f42-41ca-994d-975ac5687482"}}[0m
2022-05-21 15:50:24.888 +0530 [debug] ([34mwatcher.js[0m) [31mBroadcasted "{"file":"config\\oauth_config.json"}" to all listeners.[0m
2022-05-21 15:50:33.924 +0530 [debug] ([34mdata-util.js[0m) [31mRead {"fs_git_101_101_freshservice":{"fs_git_101_101_oauth_iparams":{"domain":"gitlab.com","client_id":"2a2a1f7bb7b274749fc02e20cef4432a4a4864af3143e6738b1f4492369dca05","client_secret":"3fc9c0bb911d7406ad3f198d0c5207fd7c7dfdc74a27ee786027436ba780bfbb"},"fs_git_101_101_oauth_appstate":"472947f3-d73f-48a7-a642-768c8445ab9b"}}[0m
2022-05-21 15:50:33.925 +0530 [debug] ([34mdata-util.js[0m) [31mRead {"fs_git_101_101_freshservice":{"fs_git_101_101_oauth_iparams":{"domain":"gitlab.com","client_id":"2a2a1f7bb7b274749fc02e20cef4432a4a4864af3143e6738b1f4492369dca05","client_secret":"3fc9c0bb911d7406ad3f198d0c5207fd7c7dfdc74a27ee786027436ba780bfbb"},"fs_git_101_101_oauth_appstate":"472947f3-d73f-48a7-a642-768c8445ab9b"}}[0m
2022-05-21 15:50:33.927 +0530 [debug] ([34miframe.js[0m) [31mResponding to product with {"configs":{},"displayName":"FS-Gitlab MarketPlace SourceCode","product":{"freshservice":{"location":{"ticket_sidebar":{"url":"agent/template.html","icon":"agent/icon.svg"}}}},"features":["db","backend","oauth"],"actions":false,"omni":false,"products":["freshservice"],"platform":"2.2","isAuthorized":false,"v2":[]}[0m
2022-05-21 15:50:34.047 +0530 [debug] ([34mdata-util.js[0m) [31mRead {"fs_git_101_101_freshservice":{"fs_git_101_101_oauth_iparams":{"domain":"gitlab.com","client_id":"2a2a1f7bb7b274749fc02e20cef4432a4a4864af3143e6738b1f4492369dca05","client_secret":"3fc9c0bb911d7406ad3f198d0c5207fd7c7dfdc74a27ee786027436ba780bfbb"},"fs_git_101_101_oauth_appstate":"472947f3-d73f-48a7-a642-768c8445ab9b"}}[0m
2022-05-21 15:50:48.334 +0530 [debug] ([34mdata-util.js[0m) [31mRead {"fs_git_101_101_freshservice":{"fs_git_101_101_oauth_iparams":{"domain":"gitlab.com","client_id":"2a2a1f7bb7b274749fc02e20cef4432a4a4864af3143e6738b1f4492369dca05","client_secret":"3fc9c0bb911d7406ad3f198d0c5207fd7c7dfdc74a27ee786027436ba780bfbb"},"fs_git_101_101_oauth_appstate":"472947f3-d73f-48a7-a642-768c8445ab9b"}}[0m
2022-05-21 15:50:48.336 +0530 [debug] ([34mdata-util.js[0m) [31mRead {"fs_git_101_101_freshservice":{"fs_git_101_101_oauth_iparams":{"domain":"gitlab.com","client_id":"2a2a1f7bb7b274749fc02e20cef4432a4a4864af3143e6738b1f4492369dca05","client_secret":"3fc9c0bb911d7406ad3f198d0c5207fd7c7dfdc74a27ee786027436ba780bfbb"},"fs_git_101_101_oauth_appstate":"472947f3-d73f-48a7-a642-768c8445ab9b"}}[0m
2022-05-21 15:50:48.337 +0530 [debug] ([34mdata-util.js[0m) [31mRead {"fs_git_101_101_freshservice":{"fs_git_101_101_oauth_iparams":{"domain":"gitlab.com","client_id":"2a2a1f7bb7b274749fc02e20cef4432a4a4864af3143e6738b1f4492369dca05","client_secret":"3fc9c0bb911d7406ad3f198d0c5207fd7c7dfdc74a27ee786027436ba780bfbb"},"fs_git_101_101_oauth_appstate":"472947f3-d73f-48a7-a642-768c8445ab9b"}}[0m
2022-05-21 15:50:48.339 +0530 [debug] ([34mdata-util.js[0m) [31mRead {"fs_git_101_101_freshservice":{"fs_git_101_101_oauth_iparams":{"domain":"gitlab.com","client_id":"","client_secret":""},"fs_git_101_101_oauth_appstate":"472947f3-d73f-48a7-a642-768c8445ab9b"}}[0m
2022-05-21 15:52:01.375 +0530 [debug] ([34mwatcher.js[0m) [31mBroadcasted "{"file":"config\\oauth_config.json"}" to all listeners.[0m
2022-05-21 15:52:07.794 +0530 [debug] ([34mwatcher.js[0m) [31mBroadcasted "{"file":"config\\oauth_config.json"}" to all listeners.[0m
2022-05-21 15:52:17.272 +0530 [debug] ([34mwatcher.js[0m) [31mBroadcasted "{"file":"config\\oauth_config.json"}" to all listeners.[0m
2022-05-21 15:52:42.537 +0530 [debug] ([34mdata-util.js[0m) [31mRead {"fs_git_101_101_freshservice":{"fs_git_101_101_oauth_iparams":{"domain":"gitlab.com","client_id":"","client_secret":""},"fs_git_101_101_oauth_appstate":"e53297d1-8799-454c-9cfc-9a827dba9fd3"}}[0m
2022-05-21 15:52:42.538 +0530 [debug] ([34mdata-util.js[0m) [31mRead {"fs_git_101_101_freshservice":{"fs_git_101_101_oauth_iparams":{"domain":"gitlab.com","client_id":"","client_secret":""},"fs_git_101_101_oauth_appstate":"e53297d1-8799-454c-9cfc-9a827dba9fd3"}}[0m
2022-05-21 15:52:42.538 +0530 [debug] ([34miframe.js[0m) [31mResponding to product with {"configs":{},"displayName":"FS-Gitlab MarketPlace SourceCode","product":{"freshservice":{"location":{"ticket_sidebar":{"url":"agent/template.html","icon":"agent/icon.svg"}}}},"features":["db","backend","oauth"],"actions":false,"omni":false,"products":["freshservice"],"platform":"2.2","isAuthorized":false,"v2":[]}[0m
2022-05-21 15:52:42.649 +0530 [debug] ([34mdata-util.js[0m) [31mRead {"fs_git_101_101_freshservice":{"fs_git_101_101_oauth_iparams":{"domain":"gitlab.com","client_id":"","client_secret":""},"fs_git_101_101_oauth_appstate":"e53297d1-8799-454c-9cfc-9a827dba9fd3"}}[0m
2022-05-21 15:52:44.402 +0530 [debug] ([34mdata-util.js[0m) [31mRead {"fs_git_101_101_freshservice":{"fs_git_101_101_oauth_iparams":{"domain":"gitlab.com","client_id":"","client_secret":""},"fs_git_101_101_oauth_appstate":"e53297d1-8799-454c-9cfc-9a827dba9fd3"}}[0m
2022-05-21 15:52:44.405 +0530 [debug] ([34mdata-util.js[0m) [31mRead {"fs_git_101_101_freshservice":{"fs_git_101_101_oauth_iparams":{"domain":"gitlab.com","client_id":"","client_secret":""},"fs_git_101_101_oauth_appstate":"e53297d1-8799-454c-9cfc-9a827dba9fd3"}}[0m
2022-05-21 15:52:44.406 +0530 [debug] ([34mdata-util.js[0m) [31mRead {"fs_git_101_101_freshservice":{"fs_git_101_101_oauth_iparams":{"domain":"gitlab.com","client_id":"","client_secret":""},"fs_git_101_101_oauth_appstate":"e53297d1-8799-454c-9cfc-9a827dba9fd3"}}[0m
2022-05-21 15:52:44.407 +0530 [debug] ([34mdata-util.js[0m) [31mRead {"fs_git_101_101_freshservice":{"fs_git_101_101_oauth_iparams":{"domain":"gitlab.com","client_id":"","client_secret":""},"fs_git_101_101_oauth_appstate":"e53297d1-8799-454c-9cfc-9a827dba9fd3"}}[0m
2022-05-21 15:52:54.034 +0530 [info] 
NOTE: We recommend a coverage of 80% for apps that are to be published in the public marketplace.
2022-05-21 15:53:00.585 +0530 [debug] ([34mconfigs.js[0m) [31mloaded default configs as "{"updates":{"manifest_url":"https://ws.freshdev.io/cli/updates.json","period":24},"log":{"level":"info"},"javascript":{"ecma_version":2020}}"[0m
2022-05-21 15:53:00.588 +0530 [debug] ([34mfile-util.js[0m) [31mError while requiring C:\Users\LENOVO/.fdk/configs.json: Cannot find module 'C:\Users\LENOVO/.fdk/configs.json'
Require stack:
- C:\Users\LENOVO\AppData\Roaming\npm\node_modules\fdk\lib\utils\file-util.js
- C:\Users\LENOVO\AppData\Roaming\npm\node_modules\fdk\lib\configs.js
- C:\Users\LENOVO\AppData\Roaming\npm\node_modules\fdk\lib\logger.js
- C:\Users\LENOVO\AppData\Roaming\npm\node_modules\fdk\index.js[0m
2022-05-21 15:53:00.588 +0530 [debug] ([34mconfigs.js[0m) [31mloaded global configs as "{}"[0m
2022-05-21 15:53:00.588 +0530 [debug] ([34mfile-util.js[0m) [31mError while requiring E:\Tejasri\FService\FS-Gitlab MarketPlace SourceCode/.fdk/configs.json: Cannot find module 'E:\Tejasri\FService\FS-Gitlab MarketPlace SourceCode/.fdk/configs.json'
Require stack:
- C:\Users\LENOVO\AppData\Roaming\npm\node_modules\fdk\lib\utils\file-util.js
- C:\Users\LENOVO\AppData\Roaming\npm\node_modules\fdk\lib\configs.js
- C:\Users\LENOVO\AppData\Roaming\npm\node_modules\fdk\lib\logger.js
- C:\Users\LENOVO\AppData\Roaming\npm\node_modules\fdk\index.js[0m
2022-05-21 15:53:00.588 +0530 [debug] ([34mconfigs.js[0m) [31mloaded local configs as "{}"[0m
2022-05-21 15:53:00.589 +0530 [debug] ([34mconfigs.js[0m) [31mloaded env configs as "{"updates":{},"log":{},"javascript":{}}"[0m
2022-05-21 15:53:00.589 +0530 [debug] ([34mconfigs.js[0m) [31mloaded resolved configs as "{"updates":{"manifest_url":"https://ws.freshdev.io/cli/updates.json","period":24},"log":{"level":"info"},"javascript":{"ecma_version":2020}}"[0m
2022-05-21 15:53:00.589 +0530 [debug] ([34mlogger.js[0m) [31mStarting FDK in node v14.17.3 on win32[0m
2022-05-21 15:53:00.589 +0530 [debug] ([34msequelize.js[0m) [31msetting up sqilite at "E:\Tejasri\FService\FS-Gitlab MarketPlace SourceCode/.fdk/store.sqlite"[0m
2022-05-21 15:53:00.589 +0530 [debug] ([34mindex.js[0m) [31mRunning with args {"cmd":"run","gopts":{},"opts":{},"goptArg":{},"optArg":{},"args":[]}[0m
2022-05-21 15:53:00.589 +0530 [debug] ([34mdata-util.js[0m) [31mRead {"version_details":{"cli":{"deprecated":{"version":"<8","message":"This FDK version will be deprecated by August 31, 2022. There will be no further feature updates to this version. For a seamless app building experience, ensure to move to the latest FDK version. For more information, see https://community.developers.freshworks.com/t/5433."},"forced":{"version":"7.0.0","command":"npm install https://dl.freshdev.io/cli/fdk-7.0.0.tgz -g","message":"Your FDK version has been forced updated to v7.0.0, please visit https://community.developers.freshworks.com/t/fdk-v7-0-announcing-node-js-v12-and-es6-support/3606 to know more"},"latest":{"version":"8.3.0","command":"npm install https://dl.freshdev.io/cli/fdk.tgz -g","message":""}},"addon":{"version":"1.10.2","url":"https://dl.freshdev.io/cli-addon/addon-1.10.2.zip"}},"last_updated":{"time_stamp":1653127902700}}[0m
2022-05-21 15:53:00.590 +0530 [debug] ([34mupdater.js[0m) [31mlast check less than 24 hours ago, not looking for updates[0m
2022-05-21 15:53:00.900 +0530 [debug] ([34mmanifest.js[0m) [31mReloading manifest with {"platform-version":"2.2","product":{"freshservice":{"location":{"ticket_sidebar":{"url":"template.html","icon":"icon.svg"}}}},"dependencies":{"base-64":"0.1.0","request":"2.88.0"},"engines":{"node":"14.17.3","fdk":"8.3.0"}}.[0m
2022-05-21 15:53:00.901 +0530 [debug] ([34mmanifest.js[0m) [31mInferred db,backend,oauth as features.[0m
2022-05-21 15:53:00.904 +0530 [debug] ([34mdata-util.js[0m) [31mRead {"version_details":{"cli":{"deprecated":{"version":"<8","message":"This FDK version will be deprecated by August 31, 2022. There will be no further feature updates to this version. For a seamless app building experience, ensure to move to the latest FDK version. For more information, see https://community.developers.freshworks.com/t/5433."},"forced":{"version":"7.0.0","command":"npm install https://dl.freshdev.io/cli/fdk-7.0.0.tgz -g","message":"Your FDK version has been forced updated to v7.0.0, please visit https://community.developers.freshworks.com/t/fdk-v7-0-announcing-node-js-v12-and-es6-support/3606 to know more"},"latest":{"version":"8.3.0","command":"npm install https://dl.freshdev.io/cli/fdk.tgz -g","message":""}},"addon":{"version":"1.10.2","url":"https://dl.freshdev.io/cli-addon/addon-1.10.2.zip"}},"last_updated":{"time_stamp":1653127902700}}[0m
2022-05-21 15:53:00.930 +0530 [debug] ([34mdata-util.js[0m) [31mRead {"version_details":{"cli":{"deprecated":{"version":"<8","message":"This FDK version will be deprecated by August 31, 2022. There will be no further feature updates to this version. For a seamless app building experience, ensure to move to the latest FDK version. For more information, see https://community.developers.freshworks.com/t/5433."},"forced":{"version":"7.0.0","command":"npm install https://dl.freshdev.io/cli/fdk-7.0.0.tgz -g","message":"Your FDK version has been forced updated to v7.0.0, please visit https://community.developers.freshworks.com/t/fdk-v7-0-announcing-node-js-v12-and-es6-support/3606 to know more"},"latest":{"version":"8.3.0","command":"npm install https://dl.freshdev.io/cli/fdk.tgz -g","message":""}},"addon":{"version":"1.10.2","url":"https://dl.freshdev.io/cli-addon/addon-1.10.2.zip"}},"last_updated":{"time_stamp":1653127902700}}[0m
2022-05-21 15:53:02.414 +0530 [debug] ([34mdata-util.js[0m) [31mRead {"version_details":{"cli":{"deprecated":{"version":"<8","message":"This FDK version will be deprecated by August 31, 2022. There will be no further feature updates to this version. For a seamless app building experience, ensure to move to the latest FDK version. For more information, see https://community.developers.freshworks.com/t/5433."},"forced":{"version":"7.0.0","command":"npm install https://dl.freshdev.io/cli/fdk-7.0.0.tgz -g","message":"Your FDK version has been forced updated to v7.0.0, please visit https://community.developers.freshworks.com/t/fdk-v7-0-announcing-node-js-v12-and-es6-support/3606 to know more"},"latest":{"version":"8.3.0","command":"npm install https://dl.freshdev.io/cli/fdk.tgz -g","message":""}},"addon":{"version":"1.10.2","url":"https://dl.freshdev.io/cli-addon/addon-1.10.2.zip"}},"last_updated":{"time_stamp":1653127902700}}[0m
2022-05-21 15:53:03.644 +0530 [debug] ([34mvalidate.js[0m) [31masked to skip the following validations, [0m
2022-05-21 15:53:03.645 +0530 [debug] ([34mvalidate.js[0m) [31mrunning validator actions[0m
2022-05-21 15:53:03.645 +0530 [debug] ([34mvalidate.js[0m) [31mrunning validator app-dir[0m
2022-05-21 15:53:03.646 +0530 [debug] ([34mvalidate.js[0m) [31mrunning validator config-dir[0m
2022-05-21 15:53:03.647 +0530 [debug] ([34mconfig-dir.js[0m) [31mChecking to see if E:\Tejasri\FService\FS-Gitlab MarketPlace SourceCode/config/ exists.[0m
2022-05-21 15:53:03.647 +0530 [debug] ([34mconfig-dir.js[0m) [31mFetched the following config files assets,iparams.html,iparam_test_data.json,oauth_config.json[0m
2022-05-21 15:53:03.647 +0530 [debug] ([34mvalidate.js[0m) [31mrunning validator custom-objects[0m
2022-05-21 15:53:03.647 +0530 [debug] ([34mvalidate.js[0m) [31mrunning validator event[0m
2022-05-21 15:53:03.670 +0530 [debug] ([34mevent-util.js[0m) [31mFound ["onExternalEventHandler","onTicketUpdateHandler","onConversationCreateCallback","onAppInstallCallback","onAppUninstallCallback"] as exported functions.[0m
2022-05-21 15:53:03.671 +0530 [debug] ([34mvalidate.js[0m) [31mrunning validator iparam[0m
2022-05-21 15:53:03.689 +0530 [debug] ([34mvalidate.js[0m) [31mskipping validator lint[0m
2022-05-21 15:53:03.689 +0530 [debug] ([34mvalidate.js[0m) [31mrunning validator manifest[0m
2022-05-21 15:53:03.689 +0530 [debug] ([34mmanifest.js[0m) [31mrunning manifest validation with type run_validation[0m
2022-05-21 15:53:03.689 +0530 [debug] ([34mvalidate.js[0m) [31mskipping validator manifest-dependency[0m
2022-05-21 15:53:03.690 +0530 [debug] ([34mvalidate.js[0m) [31mrunning validator oauth[0m
2022-05-21 15:53:03.691 +0530 [debug] ([34mvalidate.js[0m) [31mskipping validator pkgsize[0m
2022-05-21 15:53:03.691 +0530 [debug] ([34mvalidate.js[0m) [31mrunning validator schema[0m
2022-05-21 15:53:03.691 +0530 [debug] ([34mvalidate.js[0m) [31mrunning validator version-check[0m
2022-05-21 15:53:03.697 +0530 [warn] Please ensure that the following are addressed for quick review process.
2022-05-21 15:53:03.698 +0530 [warn] [33m[WARN][0m iparam_test_data.json is deprecated, to test the installation page, visit - http://localhost:10001/custom_configs
2022-05-21 15:53:03.699 +0530 [error] 
2022-05-21 15:53:03.701 +0530 [debug] ([34mwatcher.js[0m) [31mPreparing to watch the following files ./app,./config,./manifest.json[0m
2022-05-21 15:53:03.711 +0530 [debug] ([34minstall-util.js[0m) [31mdependency installer called with {"base-64":"0.1.0","request":"2.88.0"}[0m
2022-05-21 15:53:03.749 +0530 [debug] ([34minstall-util.js[0m) [31mPreparing to install the following dependencies base-64@0.1.0,request@2.88.0[0m
2022-05-21 15:53:03.749 +0530 [info] Installing dependencies...
2022-05-21 15:53:09.407 +0530 [debug] ([34mdata-util.js[0m) [31mRead {"fs_git_101_101_freshservice":{"fs_git_101_101_oauth_iparams":{"domain":"gitlab.com","client_id":"","client_secret":""},"fs_git_101_101_oauth_appstate":"948c3dbc-f2f1-46c4-a45a-ba4cf72e35bf"}}[0m
2022-05-21 15:53:09.408 +0530 [debug] ([34mcustom-objects.js[0m) [31mto force or not? false[0m
2022-05-21 15:53:09.408 +0530 [debug] ([34mcustom-objects.js[0m) [31mbeginning to re-sync db[0m
2022-05-21 15:53:12.090 +0530 [debug] ([34mindex.js[0m) [31mloading model at "C:\Users\LENOVO\AppData\Roaming\npm\node_modules\fdk\lib\models\bigint-pivot.js"[0m
2022-05-21 15:53:12.092 +0530 [debug] ([34mindex.js[0m) [31mloading model at "C:\Users\LENOVO\AppData\Roaming\npm\node_modules\fdk\lib\models\entity-field-choice.js"[0m
2022-05-21 15:53:12.094 +0530 [debug] ([34mindex.js[0m) [31mloading model at "C:\Users\LENOVO\AppData\Roaming\npm\node_modules\fdk\lib\models\entity-field.js"[0m
2022-05-21 15:53:12.095 +0530 [debug] ([34mindex.js[0m) [31mloading model at "C:\Users\LENOVO\AppData\Roaming\npm\node_modules\fdk\lib\models\entity.js"[0m
2022-05-21 15:53:12.097 +0530 [debug] ([34mindex.js[0m) [31mloading model at "C:\Users\LENOVO\AppData\Roaming\npm\node_modules\fdk\lib\models\record.js"[0m
2022-05-21 15:53:12.099 +0530 [debug] ([34mindex.js[0m) [31mloading model at "C:\Users\LENOVO\AppData\Roaming\npm\node_modules\fdk\lib\models\string-pivot.js"[0m
2022-05-21 15:53:12.122 +0530 [debug] ([34mdata-util.js[0m) [31mRead {"fs_git_101_101_freshservice":{"fs_git_101_101_oauth_iparams":{"domain":"gitlab.com","client_id":"","client_secret":""},"fs_git_101_101_oauth_appstate":"948c3dbc-f2f1-46c4-a45a-ba4cf72e35bf"}}[0m
2022-05-21 15:53:12.122 +0530 [debug] ([34mcustom-objects.js[0m) [31mupdated local store with latest entity hash[0m
2022-05-21 15:53:12.124 +0530 [info] Starting local testing server at http://*:10001/    
Append 'dev=true' to your Freshservice account URL to start testing    
e.g. https://domain.freshservice.com/helpdesk/tickets/1?dev=true    
Quit the server with Control-C.
2022-05-21 15:53:12.125 +0530 [info] 
To simulate product, app setup, and external events, visit - http://localhost:10001/web/test
2022-05-21 15:53:12.125 +0530 [info] Populating test data with events found in the app
2022-05-21 15:53:12.127 +0530 [info] To test the installation page, visit - http://localhost:10001/custom_configs
2022-05-21 15:53:29.140 +0530 [debug] ([34mdata-util.js[0m) [31mRead {"fs_git_101_101_freshservice":{"fs_git_101_101_oauth_iparams":{"domain":"gitlab.com","client_id":"","client_secret":""},"fs_git_101_101_oauth_appstate":"948c3dbc-f2f1-46c4-a45a-ba4cf72e35bf"}}[0m
2022-05-21 15:53:29.264 +0530 [debug] ([34mdata-util.js[0m) [31mRead {"fs_git_101_101_freshservice":{"fs_git_101_101_oauth_iparams":{"domain":"gitlab.com","client_id":"","client_secret":""},"fs_git_101_101_oauth_appstate":"948c3dbc-f2f1-46c4-a45a-ba4cf72e35bf"}}[0m
2022-05-21 15:53:29.265 +0530 [debug] ([34mdata-util.js[0m) [31mRead {"fs_git_101_101_freshservice":{"fs_git_101_101_oauth_iparams":{"domain":"gitlab.com","client_id":"","client_secret":""},"fs_git_101_101_oauth_appstate":"948c3dbc-f2f1-46c4-a45a-ba4cf72e35bf"}}[0m
2022-05-21 15:53:29.266 +0530 [debug] ([34miframe.js[0m) [31mResponding to product with {"configs":{},"displayName":"FS-Gitlab MarketPlace SourceCode","product":{"freshservice":{"location":{"ticket_sidebar":{"url":"agent/template.html","icon":"agent/icon.svg"}}}},"features":["db","backend","oauth"],"actions":false,"omni":false,"products":["freshservice"],"platform":"2.2","isAuthorized":false,"v2":[]}[0m
2022-05-21 15:53:29.696 +0530 [debug] ([34mdata-util.js[0m) [31mRead {"fs_git_101_101_freshservice":{"fs_git_101_101_oauth_iparams":{"domain":"gitlab.com","client_id":"","client_secret":""},"fs_git_101_101_oauth_appstate":"948c3dbc-f2f1-46c4-a45a-ba4cf72e35bf"}}[0m
2022-05-21 15:53:31.086 +0530 [debug] ([34mdata-util.js[0m) [31mRead {"fs_git_101_101_freshservice":{"fs_git_101_101_oauth_iparams":{"domain":"gitlab.com","client_id":"","client_secret":""},"fs_git_101_101_oauth_appstate":"948c3dbc-f2f1-46c4-a45a-ba4cf72e35bf"}}[0m
2022-05-21 15:53:31.089 +0530 [debug] ([34mdata-util.js[0m) [31mRead {"fs_git_101_101_freshservice":{"fs_git_101_101_oauth_iparams":{"domain":"gitlab.com","client_id":"","client_secret":""},"fs_git_101_101_oauth_appstate":"948c3dbc-f2f1-46c4-a45a-ba4cf72e35bf"}}[0m
2022-05-21 15:53:31.091 +0530 [debug] ([34mdata-util.js[0m) [31mRead {"fs_git_101_101_freshservice":{"fs_git_101_101_oauth_iparams":{"domain":"gitlab.com","client_id":"","client_secret":""},"fs_git_101_101_oauth_appstate":"948c3dbc-f2f1-46c4-a45a-ba4cf72e35bf"}}[0m
2022-05-21 15:53:31.092 +0530 [debug] ([34mdata-util.js[0m) [31mRead {"fs_git_101_101_freshservice":{"fs_git_101_101_oauth_iparams":{"domain":"gitlab.com","client_id":"","client_secret":""},"fs_git_101_101_oauth_appstate":"948c3dbc-f2f1-46c4-a45a-ba4cf72e35bf"}}[0m
2022-05-21 15:54:51.077 +0530 [debug] ([34mdata-util.js[0m) [31mRead {"fs_git_101_101_freshservice":{"fs_git_101_101_oauth_iparams":{"domain":"gitlab.com","client_id":"","client_secret":""},"fs_git_101_101_oauth_appstate":"5e2f6b79-1a52-4766-bce0-658465105196"}}[0m
2022-05-21 15:54:51.079 +0530 [debug] ([34mdata-util.js[0m) [31mRead {"fs_git_101_101_freshservice":{"fs_git_101_101_oauth_iparams":{"domain":"gitlab.com","client_id":"","client_secret":""},"fs_git_101_101_oauth_appstate":"5e2f6b79-1a52-4766-bce0-658465105196"}}[0m
2022-05-21 15:54:51.080 +0530 [debug] ([34mdata-util.js[0m) [31mRead {"fs_git_101_101_freshservice":{"fs_git_101_101_oauth_iparams":{"domain":"gitlab.com","client_id":"","client_secret":""},"fs_git_101_101_oauth_appstate":"5e2f6b79-1a52-4766-bce0-658465105196"}}[0m
2022-05-21 15:54:51.081 +0530 [debug] ([34mdata-util.js[0m) [31mRead {"fs_git_101_101_freshservice":{"fs_git_101_101_oauth_iparams":{"domain":"gitlab.com","client_id":"a45f80421fe87c75cf83e7e77304e54542f28730bf641a964a963a86da71a9ae","client_secret":"520df3240c7e80b81b6f050370aa409ab244a35c28736052e48ae8eb3c3398c8"},"fs_git_101_101_oauth_appstate":"5e2f6b79-1a52-4766-bce0-658465105196"}}[0m
2022-05-21 15:55:59.183 +0530 [debug] ([34mdata-util.js[0m) [31mRead {"fs_git_101_101_freshservice":{"fs_git_101_101_oauth_iparams":{"domain":"gitlab.com","client_id":"a45f80421fe87c75cf83e7e77304e54542f28730bf641a964a963a86da71a9ae","client_secret":"520df3240c7e80b81b6f050370aa409ab244a35c28736052e48ae8eb3c3398c8"},"fs_git_101_101_oauth_appstate":"7c565188-a47c-4c08-aaba-76badabe2531"}}[0m
2022-05-21 15:55:59.184 +0530 [debug] ([34mdata-util.js[0m) [31mRead {"fs_git_101_101_freshservice":{"fs_git_101_101_oauth_iparams":{"domain":"gitlab.com","client_id":"a45f80421fe87c75cf83e7e77304e54542f28730bf641a964a963a86da71a9ae","client_secret":"520df3240c7e80b81b6f050370aa409ab244a35c28736052e48ae8eb3c3398c8"},"fs_git_101_101_oauth_appstate":"7c565188-a47c-4c08-aaba-76badabe2531"}}[0m
2022-05-21 15:55:59.184 +0530 [debug] ([34miframe.js[0m) [31mResponding to product with {"configs":{},"displayName":"FS-Gitlab MarketPlace SourceCode","product":{"freshservice":{"location":{"ticket_sidebar":{"url":"agent/template.html","icon":"agent/icon.svg"}}}},"features":["db","backend","oauth"],"actions":false,"omni":false,"products":["freshservice"],"platform":"2.2","isAuthorized":false,"v2":[]}[0m
2022-05-21 15:55:59.224 +0530 [debug] ([34mdata-util.js[0m) [31mRead {"fs_git_101_101_freshservice":{"fs_git_101_101_oauth_iparams":{"domain":"gitlab.com","client_id":"a45f80421fe87c75cf83e7e77304e54542f28730bf641a964a963a86da71a9ae","client_secret":"520df3240c7e80b81b6f050370aa409ab244a35c28736052e48ae8eb3c3398c8"},"fs_git_101_101_oauth_appstate":"7c565188-a47c-4c08-aaba-76badabe2531"}}[0m
2022-05-21 15:56:17.491 +0530 [debug] ([34mwatcher.js[0m) [31mBroadcasted "{"file":"config\\oauth_config.json"}" to all listeners.[0m
2022-05-21 15:56:21.907 +0530 [debug] ([34mwatcher.js[0m) [31mBroadcasted "{"file":"config\\oauth_config.json"}" to all listeners.[0m
2022-05-21 15:56:25.626 +0530 [debug] ([34mdata-util.js[0m) [31mRead {"fs_git_101_101_freshservice":{"fs_git_101_101_oauth_iparams":{"domain":"gitlab.com","client_id":"a45f80421fe87c75cf83e7e77304e54542f28730bf641a964a963a86da71a9ae","client_secret":"520df3240c7e80b81b6f050370aa409ab244a35c28736052e48ae8eb3c3398c8"},"fs_git_101_101_oauth_appstate":"7c565188-a47c-4c08-aaba-76badabe2531"}}[0m
2022-05-21 15:56:25.628 +0530 [debug] ([34mdata-util.js[0m) [31mRead {"fs_git_101_101_freshservice":{"fs_git_101_101_oauth_iparams":{"domain":"gitlab.com","client_id":"a45f80421fe87c75cf83e7e77304e54542f28730bf641a964a963a86da71a9ae","client_secret":"520df3240c7e80b81b6f050370aa409ab244a35c28736052e48ae8eb3c3398c8"},"fs_git_101_101_oauth_appstate":"7c565188-a47c-4c08-aaba-76badabe2531"}}[0m
2022-05-21 15:56:25.629 +0530 [debug] ([34mdata-util.js[0m) [31mRead {"fs_git_101_101_freshservice":{"fs_git_101_101_oauth_iparams":{"domain":"gitlab.com","client_id":"a45f80421fe87c75cf83e7e77304e54542f28730bf641a964a963a86da71a9ae","client_secret":"520df3240c7e80b81b6f050370aa409ab244a35c28736052e48ae8eb3c3398c8"},"fs_git_101_101_oauth_appstate":"7c565188-a47c-4c08-aaba-76badabe2531"}}[0m
2022-05-21 15:56:25.631 +0530 [debug] ([34mdata-util.js[0m) [31mRead {"fs_git_101_101_freshservice":{"fs_git_101_101_oauth_iparams":{"domain":"gitlab.com","client_id":"","client_secret":""},"fs_git_101_101_oauth_appstate":"7c565188-a47c-4c08-aaba-76badabe2531"}}[0m
2022-05-21 15:59:24.987 +0530 [debug] ([34mwatcher.js[0m) [31mBroadcasted "{"file":"config\\oauth_config.json"}" to all listeners.[0m
2022-05-21 16:34:11.738 +0530 [debug] ([34mwatcher.js[0m) [31mBroadcasted "{"file":"config\\oauth_config.json"}" to all listeners.[0m
2022-05-21 16:34:11.739 +0530 [debug] ([34mwatcher.js[0m) [31mBroadcasted "{"file":"config\\assets\\iparams.css"}" to all listeners.[0m
2022-05-21 16:34:11.740 +0530 [debug] ([34mmanifest.js[0m) [31mReloading manifest with {"platform-version":"2.2","product":{"freshservice":{"location":{"ticket_sidebar":{"url":"template.html","icon":"icon.svg"}}}},"dependencies":{"base-64":"0.1.0","request":"2.88.0"},"engines":{"node":"14.17.3","fdk":"8.3.0"}}.[0m
2022-05-21 16:34:11.743 +0530 [debug] ([34mmanifest.js[0m) [31mInferred db,backend,oauth as features.[0m
2022-05-21 16:34:11.744 +0530 [debug] ([34mwatcher.js[0m) [31mBroadcasted "{"file":"manifest.json"}" to all listeners.[0m
2022-05-21 16:34:11.744 +0530 [debug] ([34mwatcher.js[0m) [31mBroadcasted "{"file":"config\\iparams.html"}" to all listeners.[0m
2022-05-21 16:34:11.744 +0530 [debug] ([34mwatcher.js[0m) [31mBroadcasted "{"file":"config\\assets\\iparams.js"}" to all listeners.[0m
2022-05-21 16:34:19.508 +0530 [info] 
NOTE: We recommend a coverage of 80% for apps that are to be published in the public marketplace.
2022-05-21 16:34:24.233 +0530 [debug] ([34mconfigs.js[0m) [31mloaded default configs as "{"updates":{"manifest_url":"https://ws.freshdev.io/cli/updates.json","period":24},"log":{"level":"info"},"javascript":{"ecma_version":2020}}"[0m
2022-05-21 16:34:24.235 +0530 [debug] ([34mfile-util.js[0m) [31mError while requiring C:\Users\LENOVO/.fdk/configs.json: Cannot find module 'C:\Users\LENOVO/.fdk/configs.json'
Require stack:
- C:\Users\LENOVO\AppData\Roaming\npm\node_modules\fdk\lib\utils\file-util.js
- C:\Users\LENOVO\AppData\Roaming\npm\node_modules\fdk\lib\configs.js
- C:\Users\LENOVO\AppData\Roaming\npm\node_modules\fdk\lib\logger.js
- C:\Users\LENOVO\AppData\Roaming\npm\node_modules\fdk\index.js[0m
2022-05-21 16:34:24.236 +0530 [debug] ([34mconfigs.js[0m) [31mloaded global configs as "{}"[0m
2022-05-21 16:34:24.236 +0530 [debug] ([34mfile-util.js[0m) [31mError while requiring E:\Tejasri\FService\gitlab poc/.fdk/configs.json: Cannot find module 'E:\Tejasri\FService\gitlab poc/.fdk/configs.json'
Require stack:
- C:\Users\LENOVO\AppData\Roaming\npm\node_modules\fdk\lib\utils\file-util.js
- C:\Users\LENOVO\AppData\Roaming\npm\node_modules\fdk\lib\configs.js
- C:\Users\LENOVO\AppData\Roaming\npm\node_modules\fdk\lib\logger.js
- C:\Users\LENOVO\AppData\Roaming\npm\node_modules\fdk\index.js[0m
2022-05-21 16:34:24.236 +0530 [debug] ([34mconfigs.js[0m) [31mloaded local configs as "{}"[0m
2022-05-21 16:34:24.236 +0530 [debug] ([34mconfigs.js[0m) [31mloaded env configs as "{"updates":{},"log":{},"javascript":{}}"[0m
2022-05-21 16:34:24.236 +0530 [debug] ([34mconfigs.js[0m) [31mloaded resolved configs as "{"updates":{"manifest_url":"https://ws.freshdev.io/cli/updates.json","period":24},"log":{"level":"info"},"javascript":{"ecma_version":2020}}"[0m
2022-05-21 16:34:24.236 +0530 [debug] ([34mlogger.js[0m) [31mStarting FDK in node v14.17.3 on win32[0m
2022-05-21 16:34:24.237 +0530 [debug] ([34msequelize.js[0m) [31msetting up sqilite at "E:\Tejasri\FService\gitlab poc/.fdk/store.sqlite"[0m
2022-05-21 16:34:24.237 +0530 [debug] ([34mindex.js[0m) [31mRunning with args {"cmd":"run","gopts":{},"opts":{},"goptArg":{},"optArg":{},"args":[]}[0m
2022-05-21 16:34:24.237 +0530 [debug] ([34mdata-util.js[0m) [31mRead {"version_details":{"cli":{"deprecated":{"version":"<8","message":"This FDK version will be deprecated by August 31, 2022. There will be no further feature updates to this version. For a seamless app building experience, ensure to move to the latest FDK version. For more information, see https://community.developers.freshworks.com/t/5433."},"forced":{"version":"7.0.0","command":"npm install https://dl.freshdev.io/cli/fdk-7.0.0.tgz -g","message":"Your FDK version has been forced updated to v7.0.0, please visit https://community.developers.freshworks.com/t/fdk-v7-0-announcing-node-js-v12-and-es6-support/3606 to know more"},"latest":{"version":"8.3.0","command":"npm install https://dl.freshdev.io/cli/fdk.tgz -g","message":""}},"addon":{"version":"1.10.2","url":"https://dl.freshdev.io/cli-addon/addon-1.10.2.zip"}},"last_updated":{"time_stamp":1653127902700}}[0m
2022-05-21 16:34:24.237 +0530 [debug] ([34mupdater.js[0m) [31mlast check less than 24 hours ago, not looking for updates[0m
2022-05-21 16:34:24.566 +0530 [debug] ([34mmanifest.js[0m) [31mReloading manifest with {"platform-version":"2.2","product":{"freshservice":{"location":{"ticket_sidebar":{"url":"template.html","icon":"icon.svg"}}}},"dependencies":{"base-64":"0.1.0","request":"2.88.0"},"engines":{"node":"14.17.3","fdk":"8.3.0"}}.[0m
2022-05-21 16:34:24.567 +0530 [debug] ([34mmanifest.js[0m) [31mInferred db,backend,oauth as features.[0m
2022-05-21 16:34:24.570 +0530 [debug] ([34mdata-util.js[0m) [31mRead {"version_details":{"cli":{"deprecated":{"version":"<8","message":"This FDK version will be deprecated by August 31, 2022. There will be no further feature updates to this version. For a seamless app building experience, ensure to move to the latest FDK version. For more information, see https://community.developers.freshworks.com/t/5433."},"forced":{"version":"7.0.0","command":"npm install https://dl.freshdev.io/cli/fdk-7.0.0.tgz -g","message":"Your FDK version has been forced updated to v7.0.0, please visit https://community.developers.freshworks.com/t/fdk-v7-0-announcing-node-js-v12-and-es6-support/3606 to know more"},"latest":{"version":"8.3.0","command":"npm install https://dl.freshdev.io/cli/fdk.tgz -g","message":""}},"addon":{"version":"1.10.2","url":"https://dl.freshdev.io/cli-addon/addon-1.10.2.zip"}},"last_updated":{"time_stamp":1653127902700}}[0m
2022-05-21 16:34:24.606 +0530 [debug] ([34mdata-util.js[0m) [31mRead {"version_details":{"cli":{"deprecated":{"version":"<8","message":"This FDK version will be deprecated by August 31, 2022. There will be no further feature updates to this version. For a seamless app building experience, ensure to move to the latest FDK version. For more information, see https://community.developers.freshworks.com/t/5433."},"forced":{"version":"7.0.0","command":"npm install https://dl.freshdev.io/cli/fdk-7.0.0.tgz -g","message":"Your FDK version has been forced updated to v7.0.0, please visit https://community.developers.freshworks.com/t/fdk-v7-0-announcing-node-js-v12-and-es6-support/3606 to know more"},"latest":{"version":"8.3.0","command":"npm install https://dl.freshdev.io/cli/fdk.tgz -g","message":""}},"addon":{"version":"1.10.2","url":"https://dl.freshdev.io/cli-addon/addon-1.10.2.zip"}},"last_updated":{"time_stamp":1653127902700}}[0m
2022-05-21 16:34:26.604 +0530 [debug] ([34mdata-util.js[0m) [31mRead {"version_details":{"cli":{"deprecated":{"version":"<8","message":"This FDK version will be deprecated by August 31, 2022. There will be no further feature updates to this version. For a seamless app building experience, ensure to move to the latest FDK version. For more information, see https://community.developers.freshworks.com/t/5433."},"forced":{"version":"7.0.0","command":"npm install https://dl.freshdev.io/cli/fdk-7.0.0.tgz -g","message":"Your FDK version has been forced updated to v7.0.0, please visit https://community.developers.freshworks.com/t/fdk-v7-0-announcing-node-js-v12-and-es6-support/3606 to know more"},"latest":{"version":"8.3.0","command":"npm install https://dl.freshdev.io/cli/fdk.tgz -g","message":""}},"addon":{"version":"1.10.2","url":"https://dl.freshdev.io/cli-addon/addon-1.10.2.zip"}},"last_updated":{"time_stamp":1653127902700}}[0m
2022-05-21 16:34:27.954 +0530 [debug] ([34mvalidate.js[0m) [31masked to skip the following validations, [0m
2022-05-21 16:34:27.955 +0530 [debug] ([34mvalidate.js[0m) [31mrunning validator actions[0m
2022-05-21 16:34:27.955 +0530 [debug] ([34mvalidate.js[0m) [31mrunning validator app-dir[0m
2022-05-21 16:34:27.957 +0530 [debug] ([34mvalidate.js[0m) [31mrunning validator config-dir[0m
2022-05-21 16:34:27.957 +0530 [debug] ([34mconfig-dir.js[0m) [31mChecking to see if E:\Tejasri\FService\gitlab poc/config/ exists.[0m
2022-05-21 16:34:27.958 +0530 [debug] ([34mconfig-dir.js[0m) [31mFetched the following config files assets,iparams.html,iparam_test_data.json,oauth_config.json[0m
2022-05-21 16:34:27.958 +0530 [debug] ([34mvalidate.js[0m) [31mrunning validator custom-objects[0m
2022-05-21 16:34:27.958 +0530 [debug] ([34mvalidate.js[0m) [31mrunning validator event[0m
2022-05-21 16:34:27.983 +0530 [debug] ([34mevent-util.js[0m) [31mFound ["onExternalEventHandler","onTicketUpdateHandler","onConversationCreateCallback","onAppInstallCallback","onAppUninstallCallback"] as exported functions.[0m
2022-05-21 16:34:27.983 +0530 [debug] ([34mvalidate.js[0m) [31mrunning validator iparam[0m
2022-05-21 16:34:28.002 +0530 [debug] ([34mvalidate.js[0m) [31mskipping validator lint[0m
2022-05-21 16:34:28.002 +0530 [debug] ([34mvalidate.js[0m) [31mrunning validator manifest[0m
2022-05-21 16:34:28.002 +0530 [debug] ([34mmanifest.js[0m) [31mrunning manifest validation with type run_validation[0m
2022-05-21 16:34:28.003 +0530 [debug] ([34mvalidate.js[0m) [31mskipping validator manifest-dependency[0m
2022-05-21 16:34:28.003 +0530 [debug] ([34mvalidate.js[0m) [31mrunning validator oauth[0m
2022-05-21 16:34:28.004 +0530 [debug] ([34mvalidate.js[0m) [31mskipping validator pkgsize[0m
2022-05-21 16:34:28.004 +0530 [debug] ([34mvalidate.js[0m) [31mrunning validator schema[0m
2022-05-21 16:34:28.004 +0530 [debug] ([34mvalidate.js[0m) [31mrunning validator version-check[0m
2022-05-21 16:34:28.011 +0530 [warn] Please ensure that the following are addressed for quick review process.
2022-05-21 16:34:28.011 +0530 [warn] [33m[WARN][0m iparam_test_data.json is deprecated, to test the installation page, visit - http://localhost:10001/custom_configs
2022-05-21 16:34:28.012 +0530 [error] 
2022-05-21 16:34:28.014 +0530 [debug] ([34mwatcher.js[0m) [31mPreparing to watch the following files ./app,./config,./manifest.json[0m
2022-05-21 16:34:28.025 +0530 [debug] ([34minstall-util.js[0m) [31mdependency installer called with {"base-64":"0.1.0","request":"2.88.0"}[0m
2022-05-21 16:34:28.068 +0530 [debug] ([34minstall-util.js[0m) [31mPreparing to install the following dependencies base-64@0.1.0,request@2.88.0[0m
2022-05-21 16:34:28.069 +0530 [info] Installing dependencies...
2022-05-21 16:34:32.559 +0530 [error] Error while installing dependencies
2022-05-21 16:34:59.911 +0530 [debug] ([34mconfigs.js[0m) [31mloaded default configs as "{"updates":{"manifest_url":"https://ws.freshdev.io/cli/updates.json","period":24},"log":{"level":"info"},"javascript":{"ecma_version":2020}}"[0m
2022-05-21 16:34:59.914 +0530 [debug] ([34mfile-util.js[0m) [31mError while requiring C:\Users\LENOVO/.fdk/configs.json: Cannot find module 'C:\Users\LENOVO/.fdk/configs.json'
Require stack:
- C:\Users\LENOVO\AppData\Roaming\npm\node_modules\fdk\lib\utils\file-util.js
- C:\Users\LENOVO\AppData\Roaming\npm\node_modules\fdk\lib\configs.js
- C:\Users\LENOVO\AppData\Roaming\npm\node_modules\fdk\lib\logger.js
- C:\Users\LENOVO\AppData\Roaming\npm\node_modules\fdk\index.js[0m
2022-05-21 16:34:59.914 +0530 [debug] ([34mconfigs.js[0m) [31mloaded global configs as "{}"[0m
2022-05-21 16:34:59.914 +0530 [debug] ([34mfile-util.js[0m) [31mError while requiring E:\Tejasri\FService\gitlab poc/.fdk/configs.json: Cannot find module 'E:\Tejasri\FService\gitlab poc/.fdk/configs.json'
Require stack:
- C:\Users\LENOVO\AppData\Roaming\npm\node_modules\fdk\lib\utils\file-util.js
- C:\Users\LENOVO\AppData\Roaming\npm\node_modules\fdk\lib\configs.js
- C:\Users\LENOVO\AppData\Roaming\npm\node_modules\fdk\lib\logger.js
- C:\Users\LENOVO\AppData\Roaming\npm\node_modules\fdk\index.js[0m
2022-05-21 16:34:59.914 +0530 [debug] ([34mconfigs.js[0m) [31mloaded local configs as "{}"[0m
2022-05-21 16:34:59.915 +0530 [debug] ([34mconfigs.js[0m) [31mloaded env configs as "{"updates":{},"log":{},"javascript":{}}"[0m
2022-05-21 16:34:59.915 +0530 [debug] ([34mconfigs.js[0m) [31mloaded resolved configs as "{"updates":{"manifest_url":"https://ws.freshdev.io/cli/updates.json","period":24},"log":{"level":"info"},"javascript":{"ecma_version":2020}}"[0m
2022-05-21 16:34:59.915 +0530 [debug] ([34mlogger.js[0m) [31mStarting FDK in node v14.17.3 on win32[0m
2022-05-21 16:34:59.915 +0530 [debug] ([34msequelize.js[0m) [31msetting up sqilite at "E:\Tejasri\FService\gitlab poc/.fdk/store.sqlite"[0m
2022-05-21 16:34:59.915 +0530 [debug] ([34mindex.js[0m) [31mRunning with args {"cmd":"run","gopts":{},"opts":{},"goptArg":{},"optArg":{},"args":[]}[0m
2022-05-21 16:34:59.915 +0530 [debug] ([34mdata-util.js[0m) [31mRead {"version_details":{"cli":{"deprecated":{"version":"<8","message":"This FDK version will be deprecated by August 31, 2022. There will be no further feature updates to this version. For a seamless app building experience, ensure to move to the latest FDK version. For more information, see https://community.developers.freshworks.com/t/5433."},"forced":{"version":"7.0.0","command":"npm install https://dl.freshdev.io/cli/fdk-7.0.0.tgz -g","message":"Your FDK version has been forced updated to v7.0.0, please visit https://community.developers.freshworks.com/t/fdk-v7-0-announcing-node-js-v12-and-es6-support/3606 to know more"},"latest":{"version":"8.3.0","command":"npm install https://dl.freshdev.io/cli/fdk.tgz -g","message":""}},"addon":{"version":"1.10.2","url":"https://dl.freshdev.io/cli-addon/addon-1.10.2.zip"}},"last_updated":{"time_stamp":1653127902700}}[0m
2022-05-21 16:34:59.915 +0530 [debug] ([34mupdater.js[0m) [31mlast check less than 24 hours ago, not looking for updates[0m
2022-05-21 16:35:00.229 +0530 [debug] ([34mmanifest.js[0m) [31mReloading manifest with {"platform-version":"2.2","product":{"freshservice":{"location":{"ticket_sidebar":{"url":"template.html","icon":"icon.svg"}}}},"dependencies":{"base-64":"0.1.0","request":"2.88.0"},"engines":{"node":"14.17.3","fdk":"8.3.0"}}.[0m
2022-05-21 16:35:00.229 +0530 [debug] ([34mmanifest.js[0m) [31mInferred db,backend,oauth as features.[0m
2022-05-21 16:35:00.233 +0530 [debug] ([34mdata-util.js[0m) [31mRead {"version_details":{"cli":{"deprecated":{"version":"<8","message":"This FDK version will be deprecated by August 31, 2022. There will be no further feature updates to this version. For a seamless app building experience, ensure to move to the latest FDK version. For more information, see https://community.developers.freshworks.com/t/5433."},"forced":{"version":"7.0.0","command":"npm install https://dl.freshdev.io/cli/fdk-7.0.0.tgz -g","message":"Your FDK version has been forced updated to v7.0.0, please visit https://community.developers.freshworks.com/t/fdk-v7-0-announcing-node-js-v12-and-es6-support/3606 to know more"},"latest":{"version":"8.3.0","command":"npm install https://dl.freshdev.io/cli/fdk.tgz -g","message":""}},"addon":{"version":"1.10.2","url":"https://dl.freshdev.io/cli-addon/addon-1.10.2.zip"}},"last_updated":{"time_stamp":1653127902700}}[0m
2022-05-21 16:35:00.259 +0530 [debug] ([34mdata-util.js[0m) [31mRead {"version_details":{"cli":{"deprecated":{"version":"<8","message":"This FDK version will be deprecated by August 31, 2022. There will be no further feature updates to this version. For a seamless app building experience, ensure to move to the latest FDK version. For more information, see https://community.developers.freshworks.com/t/5433."},"forced":{"version":"7.0.0","command":"npm install https://dl.freshdev.io/cli/fdk-7.0.0.tgz -g","message":"Your FDK version has been forced updated to v7.0.0, please visit https://community.developers.freshworks.com/t/fdk-v7-0-announcing-node-js-v12-and-es6-support/3606 to know more"},"latest":{"version":"8.3.0","command":"npm install https://dl.freshdev.io/cli/fdk.tgz -g","message":""}},"addon":{"version":"1.10.2","url":"https://dl.freshdev.io/cli-addon/addon-1.10.2.zip"}},"last_updated":{"time_stamp":1653127902700}}[0m
2022-05-21 16:35:01.810 +0530 [debug] ([34mdata-util.js[0m) [31mRead {"version_details":{"cli":{"deprecated":{"version":"<8","message":"This FDK version will be deprecated by August 31, 2022. There will be no further feature updates to this version. For a seamless app building experience, ensure to move to the latest FDK version. For more information, see https://community.developers.freshworks.com/t/5433."},"forced":{"version":"7.0.0","command":"npm install https://dl.freshdev.io/cli/fdk-7.0.0.tgz -g","message":"Your FDK version has been forced updated to v7.0.0, please visit https://community.developers.freshworks.com/t/fdk-v7-0-announcing-node-js-v12-and-es6-support/3606 to know more"},"latest":{"version":"8.3.0","command":"npm install https://dl.freshdev.io/cli/fdk.tgz -g","message":""}},"addon":{"version":"1.10.2","url":"https://dl.freshdev.io/cli-addon/addon-1.10.2.zip"}},"last_updated":{"time_stamp":1653127902700}}[0m
2022-05-21 16:35:03.088 +0530 [debug] ([34mvalidate.js[0m) [31masked to skip the following validations, [0m
2022-05-21 16:35:03.089 +0530 [debug] ([34mvalidate.js[0m) [31mrunning validator actions[0m
2022-05-21 16:35:03.089 +0530 [debug] ([34mvalidate.js[0m) [31mrunning validator app-dir[0m
2022-05-21 16:35:03.091 +0530 [debug] ([34mvalidate.js[0m) [31mrunning validator config-dir[0m
2022-05-21 16:35:03.091 +0530 [debug] ([34mconfig-dir.js[0m) [31mChecking to see if E:\Tejasri\FService\gitlab poc/config/ exists.[0m
2022-05-21 16:35:03.091 +0530 [debug] ([34mconfig-dir.js[0m) [31mFetched the following config files assets,iparams.html,iparam_test_data.json,oauth_config.json[0m
2022-05-21 16:35:03.091 +0530 [debug] ([34mvalidate.js[0m) [31mrunning validator custom-objects[0m
2022-05-21 16:35:03.092 +0530 [debug] ([34mvalidate.js[0m) [31mrunning validator event[0m
2022-05-21 16:35:03.118 +0530 [debug] ([34mevent-util.js[0m) [31mFound ["onExternalEventHandler","onTicketUpdateHandler","onConversationCreateCallback","onAppInstallCallback","onAppUninstallCallback"] as exported functions.[0m
2022-05-21 16:35:03.118 +0530 [debug] ([34mvalidate.js[0m) [31mrunning validator iparam[0m
2022-05-21 16:35:03.138 +0530 [debug] ([34mvalidate.js[0m) [31mskipping validator lint[0m
2022-05-21 16:35:03.139 +0530 [debug] ([34mvalidate.js[0m) [31mrunning validator manifest[0m
2022-05-21 16:35:03.139 +0530 [debug] ([34mmanifest.js[0m) [31mrunning manifest validation with type run_validation[0m
2022-05-21 16:35:03.139 +0530 [debug] ([34mvalidate.js[0m) [31mskipping validator manifest-dependency[0m
2022-05-21 16:35:03.139 +0530 [debug] ([34mvalidate.js[0m) [31mrunning validator oauth[0m
2022-05-21 16:35:03.140 +0530 [debug] ([34mvalidate.js[0m) [31mskipping validator pkgsize[0m
2022-05-21 16:35:03.140 +0530 [debug] ([34mvalidate.js[0m) [31mrunning validator schema[0m
2022-05-21 16:35:03.141 +0530 [debug] ([34mvalidate.js[0m) [31mrunning validator version-check[0m
2022-05-21 16:35:03.147 +0530 [warn] Please ensure that the following are addressed for quick review process.
2022-05-21 16:35:03.148 +0530 [warn] [33m[WARN][0m iparam_test_data.json is deprecated, to test the installation page, visit - http://localhost:10001/custom_configs
2022-05-21 16:35:03.148 +0530 [error] 
2022-05-21 16:35:03.150 +0530 [debug] ([34mwatcher.js[0m) [31mPreparing to watch the following files ./app,./config,./manifest.json[0m
2022-05-21 16:35:03.159 +0530 [debug] ([34minstall-util.js[0m) [31mdependency installer called with {"base-64":"0.1.0","request":"2.88.0"}[0m
2022-05-21 16:35:03.199 +0530 [debug] ([34minstall-util.js[0m) [31mPreparing to install the following dependencies base-64@0.1.0,request@2.88.0[0m
2022-05-21 16:35:03.200 +0530 [info] Installing dependencies...
2022-05-21 16:35:09.311 +0530 [debug] ([34mdata-util.js[0m) [31mRead {"fs_git_101_101_freshservice":{"fs_git_101_101_oauth_iparams":{"domain":"gitlab.com","client_id":"","client_secret":""},"fs_git_101_101_oauth_appstate":"41350d9c-733a-469d-8034-ae3e5ce65c1c"}}[0m
2022-05-21 16:35:09.311 +0530 [debug] ([34mcustom-objects.js[0m) [31mto force or not? false[0m
2022-05-21 16:35:09.312 +0530 [debug] ([34mcustom-objects.js[0m) [31mbeginning to re-sync db[0m
2022-05-21 16:35:11.550 +0530 [debug] ([34mindex.js[0m) [31mloading model at "C:\Users\LENOVO\AppData\Roaming\npm\node_modules\fdk\lib\models\bigint-pivot.js"[0m
2022-05-21 16:35:11.560 +0530 [debug] ([34mindex.js[0m) [31mloading model at "C:\Users\LENOVO\AppData\Roaming\npm\node_modules\fdk\lib\models\entity-field-choice.js"[0m
2022-05-21 16:35:11.563 +0530 [debug] ([34mindex.js[0m) [31mloading model at "C:\Users\LENOVO\AppData\Roaming\npm\node_modules\fdk\lib\models\entity-field.js"[0m
2022-05-21 16:35:11.566 +0530 [debug] ([34mindex.js[0m) [31mloading model at "C:\Users\LENOVO\AppData\Roaming\npm\node_modules\fdk\lib\models\entity.js"[0m
2022-05-21 16:35:11.568 +0530 [debug] ([34mindex.js[0m) [31mloading model at "C:\Users\LENOVO\AppData\Roaming\npm\node_modules\fdk\lib\models\record.js"[0m
2022-05-21 16:35:11.571 +0530 [debug] ([34mindex.js[0m) [31mloading model at "C:\Users\LENOVO\AppData\Roaming\npm\node_modules\fdk\lib\models\string-pivot.js"[0m
2022-05-21 16:35:11.597 +0530 [debug] ([34mdata-util.js[0m) [31mRead {"fs_git_101_101_freshservice":{"fs_git_101_101_oauth_iparams":{"domain":"gitlab.com","client_id":"","client_secret":""},"fs_git_101_101_oauth_appstate":"41350d9c-733a-469d-8034-ae3e5ce65c1c"}}[0m
2022-05-21 16:35:11.598 +0530 [debug] ([34mcustom-objects.js[0m) [31mupdated local store with latest entity hash[0m
2022-05-21 16:35:11.600 +0530 [info] Starting local testing server at http://*:10001/    
Append 'dev=true' to your Freshservice account URL to start testing    
e.g. https://domain.freshservice.com/helpdesk/tickets/1?dev=true    
Quit the server with Control-C.
2022-05-21 16:35:11.600 +0530 [info] 
To simulate product, app setup, and external events, visit - http://localhost:10001/web/test
2022-05-21 16:35:11.601 +0530 [info] Populating test data with events found in the app
2022-05-21 16:35:11.602 +0530 [info] To test the installation page, visit - http://localhost:10001/custom_configs
2022-05-21 16:35:42.497 +0530 [debug] ([34mdata-util.js[0m) [31mRead {"fs_git_101_101_freshservice":{"fs_git_101_101_oauth_iparams":{"domain":"gitlab.com","client_id":"","client_secret":""},"fs_git_101_101_oauth_appstate":"41350d9c-733a-469d-8034-ae3e5ce65c1c"}}[0m
2022-05-21 16:35:42.685 +0530 [debug] ([34mdata-util.js[0m) [31mRead {"fs_git_101_101_freshservice":{"fs_git_101_101_oauth_iparams":{"domain":"gitlab.com","client_id":"","client_secret":""},"fs_git_101_101_oauth_appstate":"41350d9c-733a-469d-8034-ae3e5ce65c1c"}}[0m
2022-05-21 16:35:42.688 +0530 [debug] ([34mdata-util.js[0m) [31mRead {"fs_git_101_101_freshservice":{"fs_git_101_101_oauth_iparams":{"domain":"gitlab.com","client_id":"","client_secret":""},"fs_git_101_101_oauth_appstate":"41350d9c-733a-469d-8034-ae3e5ce65c1c"}}[0m
2022-05-21 16:35:42.689 +0530 [debug] ([34miframe.js[0m) [31mResponding to product with {"configs":{},"displayName":"gitlab poc","product":{"freshservice":{"location":{"ticket_sidebar":{"url":"agent/template.html","icon":"agent/icon.svg"}}}},"features":["db","backend","oauth"],"actions":false,"omni":false,"products":["freshservice"],"platform":"2.2","isAuthorized":false,"v2":[]}[0m
2022-05-21 16:35:43.196 +0530 [debug] ([34mdata-util.js[0m) [31mRead {"fs_git_101_101_freshservice":{"fs_git_101_101_oauth_iparams":{"domain":"gitlab.com","client_id":"","client_secret":""},"fs_git_101_101_oauth_appstate":"41350d9c-733a-469d-8034-ae3e5ce65c1c"}}[0m
2022-05-21 16:35:56.214 +0530 [debug] ([34mdata-util.js[0m) [31mRead {"fs_git_101_101_freshservice":{"fs_git_101_101_oauth_iparams":{"domain":"gitlab.com","client_id":"","client_secret":""},"fs_git_101_101_oauth_appstate":"41350d9c-733a-469d-8034-ae3e5ce65c1c"}}[0m
2022-05-21 16:35:56.219 +0530 [debug] ([34mdata-util.js[0m) [31mRead {"fs_git_101_101_freshservice":{"fs_git_101_101_oauth_iparams":{"domain":"gitlab.com","client_id":"","client_secret":""},"fs_git_101_101_oauth_appstate":"41350d9c-733a-469d-8034-ae3e5ce65c1c"}}[0m
2022-05-21 16:35:56.221 +0530 [debug] ([34mdata-util.js[0m) [31mRead {"fs_git_101_101_freshservice":{"fs_git_101_101_oauth_iparams":{"domain":"gitlab.com","client_id":"","client_secret":""},"fs_git_101_101_oauth_appstate":"41350d9c-733a-469d-8034-ae3e5ce65c1c"}}[0m
2022-05-21 16:35:56.223 +0530 [debug] ([34mdata-util.js[0m) [31mRead {"fs_git_101_101_freshservice":{"fs_git_101_101_oauth_iparams":{"domain":"gitlab.com","client_id":"","client_secret":""},"fs_git_101_101_oauth_appstate":"41350d9c-733a-469d-8034-ae3e5ce65c1c"},"gitlab_101_101_freshservice":{"gitlab_101_101_oauth_iparams":{"domain":"gitlab.com","client_id":"","client_secret":""}}}[0m
2022-05-21 16:53:16.249 +0530 [debug] ([34mwatcher.js[0m) [31mBroadcasted "{"file":"config\\oauth_config.json"}" to all listeners.[0m
2022-05-21 16:53:23.553 +0530 [debug] ([34mwatcher.js[0m) [31mBroadcasted "{"file":"config\\oauth_config.json"}" to all listeners.[0m
2022-05-21 16:53:35.390 +0530 [debug] ([34mdata-util.js[0m) [31mRead {"fs_git_101_101_freshservice":{"fs_git_101_101_oauth_iparams":{"domain":"gitlab.com","client_id":"","client_secret":""},"fs_git_101_101_oauth_appstate":"41350d9c-733a-469d-8034-ae3e5ce65c1c"},"gitlab_101_101_freshservice":{"gitlab_101_101_oauth_iparams":{"domain":"gitlab.com","client_id":"","client_secret":""},"gitlab_101_101_oauth_appstate":"456a5f2c-1aa2-4d30-a5ff-974301446bc6"}}[0m
2022-05-21 16:53:35.391 +0530 [debug] ([34mdata-util.js[0m) [31mRead {"fs_git_101_101_freshservice":{"fs_git_101_101_oauth_iparams":{"domain":"gitlab.com","client_id":"","client_secret":""},"fs_git_101_101_oauth_appstate":"41350d9c-733a-469d-8034-ae3e5ce65c1c"},"gitlab_101_101_freshservice":{"gitlab_101_101_oauth_iparams":{"domain":"gitlab.com","client_id":"","client_secret":""},"gitlab_101_101_oauth_appstate":"456a5f2c-1aa2-4d30-a5ff-974301446bc6"}}[0m
2022-05-21 16:53:35.391 +0530 [debug] ([34miframe.js[0m) [31mResponding to product with {"configs":{},"displayName":"gitlab poc","product":{"freshservice":{"location":{"ticket_sidebar":{"url":"agent/template.html","icon":"agent/icon.svg"}}}},"features":["db","backend","oauth"],"actions":false,"omni":false,"products":["freshservice"],"platform":"2.2","isAuthorized":false,"v2":[]}[0m
2022-05-21 16:53:35.561 +0530 [debug] ([34mdata-util.js[0m) [31mRead {"fs_git_101_101_freshservice":{"fs_git_101_101_oauth_iparams":{"domain":"gitlab.com","client_id":"","client_secret":""},"fs_git_101_101_oauth_appstate":"41350d9c-733a-469d-8034-ae3e5ce65c1c"},"gitlab_101_101_freshservice":{"gitlab_101_101_oauth_iparams":{"domain":"gitlab.com","client_id":"","client_secret":""},"gitlab_101_101_oauth_appstate":"456a5f2c-1aa2-4d30-a5ff-974301446bc6"}}[0m
2022-05-21 16:53:37.231 +0530 [debug] ([34mdata-util.js[0m) [31mRead {"fs_git_101_101_freshservice":{"fs_git_101_101_oauth_iparams":{"domain":"gitlab.com","client_id":"","client_secret":""},"fs_git_101_101_oauth_appstate":"41350d9c-733a-469d-8034-ae3e5ce65c1c"},"gitlab_101_101_freshservice":{"gitlab_101_101_oauth_iparams":{"domain":"gitlab.com","client_id":"","client_secret":""},"gitlab_101_101_oauth_appstate":"456a5f2c-1aa2-4d30-a5ff-974301446bc6"}}[0m
2022-05-21 16:53:37.233 +0530 [debug] ([34mdata-util.js[0m) [31mRead {"fs_git_101_101_freshservice":{"fs_git_101_101_oauth_iparams":{"domain":"gitlab.com","client_id":"","client_secret":""},"fs_git_101_101_oauth_appstate":"41350d9c-733a-469d-8034-ae3e5ce65c1c"},"gitlab_101_101_freshservice":{"gitlab_101_101_oauth_iparams":{"domain":"gitlab.com","client_id":"","client_secret":""},"gitlab_101_101_oauth_appstate":"456a5f2c-1aa2-4d30-a5ff-974301446bc6"}}[0m
2022-05-21 16:53:37.234 +0530 [debug] ([34mdata-util.js[0m) [31mRead {"fs_git_101_101_freshservice":{"fs_git_101_101_oauth_iparams":{"domain":"gitlab.com","client_id":"","client_secret":""},"fs_git_101_101_oauth_appstate":"41350d9c-733a-469d-8034-ae3e5ce65c1c"},"gitlab_101_101_freshservice":{"gitlab_101_101_oauth_iparams":{"domain":"gitlab.com","client_id":"","client_secret":""},"gitlab_101_101_oauth_appstate":"456a5f2c-1aa2-4d30-a5ff-974301446bc6"}}[0m
2022-05-21 16:53:37.236 +0530 [debug] ([34mdata-util.js[0m) [31mRead {"fs_git_101_101_freshservice":{"fs_git_101_101_oauth_iparams":{"domain":"gitlab.com","client_id":"","client_secret":""},"fs_git_101_101_oauth_appstate":"41350d9c-733a-469d-8034-ae3e5ce65c1c"},"gitlab_101_101_freshservice":{"gitlab_101_101_oauth_iparams":{"domain":"gitlab.com","client_id":"","client_secret":""},"gitlab_101_101_oauth_appstate":"456a5f2c-1aa2-4d30-a5ff-974301446bc6"}}[0m
